#
# There is insufficient memory for the Java Runtime Environment to continue.
# Native memory allocation (malloc) failed to allocate 1998096 bytes for Chunk::new
# Possible reasons:
#   The system is out of physical RAM or swap space
#   In 32 bit mode, the process size limit was hit
# Possible solutions:
#   Reduce memory load on the system
#   Increase physical memory or swap space
#   Check if swap backing store is full
#   Use 64 bit Java on a 64 bit OS
#   Decrease Java heap size (-Xmx/-Xms)
#   Decrease number of Java threads
#   Decrease Java thread stack sizes (-Xss)
#   Set larger code cache with -XX:ReservedCodeCacheSize=
# This output file may be truncated or incomplete.
#
#  Out of Memory Error (allocation.cpp:390), pid=1848, tid=0x0000000000000dc4
#
# JRE version: OpenJDK Runtime Environment (8.0_112-b06) (build 1.8.0_112-release-b06)
# Java VM: OpenJDK 64-Bit Server VM (25.112-b06 mixed mode windows-amd64 compressed oops)
# Failed to write core dump. Minidumps are not enabled by default on client versions of Windows
#

---------------  T H R E A D  ---------------

Current thread (0x00000000163ae000):  JavaThread "C2 CompilerThread0" daemon [_thread_in_native, id=3524, stack(0x0000000017a10000,0x0000000017b10000)]

Stack: [0x0000000017a10000,0x0000000017b10000]
[error occurred during error reporting (printing stack bounds), id 0xc0000005]

Native frames: (J=compiled Java code, j=interpreted, Vv=VM code, C=native code)


Current CompileTask:
C2:4217709 18283       4       org.gradle.api.internal.artifacts.ivyservice.resolveengine.artifact.DefaultArtifactSet::snapshot (354 bytes)


---------------  P R O C E S S  ---------------

Java Threads: ( => current thread )
  0x000000001876b800 JavaThread "Stdin handler" [_thread_blocked, id=8028, stack(0x000000002b320000,0x000000002b420000)]
  0x000000001876b000 JavaThread "Asynchronous log dispatcher for DefaultDaemonConnection: socket connection from /127.0.0.1:49770 to /127.0.0.1:52390" [_thread_blocked, id=4524, stack(0x000000002b220000,0x000000002b320000)]
  0x0000000018768800 JavaThread "Cancel handler" [_thread_blocked, id=6776, stack(0x000000002b120000,0x000000002b220000)]
  0x0000000018768000 JavaThread "Handler for socket connection from /127.0.0.1:49770 to /127.0.0.1:52390" [_thread_in_native, id=7568, stack(0x000000002b020000,0x000000002b120000)]
  0x0000000018769800 JavaThread "Daemon worker Thread 6" [_thread_in_native, id=7584, stack(0x000000002a620000,0x000000002a720000)]
  0x0000000018767000 JavaThread "Daemon Thread 6" [_thread_blocked, id=4952, stack(0x000000002a320000,0x000000002a420000)]
  0x0000000019944000 JavaThread "pool-6-thread-2" [_thread_blocked, id=84, stack(0x0000000024620000,0x0000000024720000)]
  0x0000000019945000 JavaThread "pool-6-thread-1" [_thread_blocked, id=1052, stack(0x0000000024520000,0x0000000024620000)]
  0x0000000019d9c800 JavaThread "File lock request listener" [_thread_in_native, id=1128, stack(0x000000001bd80000,0x000000001be80000)]
  0x000000001917e000 JavaThread "pool-1-thread-1" [_thread_blocked, id=2784, stack(0x000000001b680000,0x000000001b780000)]
  0x00000000196c8800 JavaThread "Incoming local TCP Connector on port 49770" [_thread_in_native, id=3936, stack(0x0000000019ae0000,0x0000000019be0000)]
  0x0000000017d38800 JavaThread "Service Thread" daemon [_thread_blocked, id=5420, stack(0x0000000018110000,0x0000000018210000)]
  0x00000000163b9800 JavaThread "C1 CompilerThread2" daemon [_thread_blocked, id=3504, stack(0x0000000017c10000,0x0000000017d10000)]
  0x00000000163b0000 JavaThread "C2 CompilerThread1" daemon [_thread_in_native, id=3508, stack(0x0000000017b10000,0x0000000017c10000)]
=>0x00000000163ae000 JavaThread "C2 CompilerThread0" daemon [_thread_in_native, id=3524, stack(0x0000000017a10000,0x0000000017b10000)]
  0x00000000163ac000 JavaThread "Attach Listener" daemon [_thread_blocked, id=3464, stack(0x0000000017910000,0x0000000017a10000)]
  0x00000000163ab000 JavaThread "Signal Dispatcher" daemon [_thread_blocked, id=6244, stack(0x0000000017810000,0x0000000017910000)]
  0x0000000016398000 JavaThread "Finalizer" daemon [_thread_blocked, id=4636, stack(0x0000000017600000,0x0000000017700000)]
  0x0000000002a33800 JavaThread "Reference Handler" daemon [_thread_blocked, id=4968, stack(0x0000000017500000,0x0000000017600000)]
  0x0000000002940800 JavaThread "main" [_thread_blocked, id=2400, stack(0x0000000002840000,0x0000000002940000)]

Other Threads:
  0x0000000016373800 VMThread [stack: 0x0000000017400000,0x0000000017500000] [id=2764]
  0x000000001640b800 WatcherThread [stack: 0x0000000018210000,0x0000000018310000] [id=5472]

VM state:not at safepoint (normal execution)

VM Mutex/Monitor currently owned by a thread: None

Heap:
 PSYoungGen      total 236032K, used 136803K [0x00000000e0000000, 0x00000000f1700000, 0x0000000100000000)
  eden space 196608K, 52% used [0x00000000e0000000,0x00000000e64082a0,0x00000000ec000000)
  from space 39424K, 87% used [0x00000000eea80000,0x00000000f0c109c8,0x00000000f1100000)
  to   space 43520K, 0% used [0x00000000ec000000,0x00000000ec000000,0x00000000eea80000)
 ParOldGen       total 147456K, used 93355K [0x00000000a0000000, 0x00000000a9000000, 0x00000000e0000000)
  object space 147456K, 63% used [0x00000000a0000000,0x00000000a5b2afa0,0x00000000a9000000)
 Metaspace       used 80494K, capacity 85762K, committed 85976K, reserved 1124352K
  class space    used 10305K, capacity 11449K, committed 11480K, reserved 1048576K

Card table byte_map: [0x0000000011e00000,0x0000000012110000] byte_map_base: 0x0000000011900000

Marking Bits: (ParMarkBitMap*) 0x000000006b8918f0
 Begin Bits: [0x0000000012710000, 0x0000000013f10000)
 End Bits:   [0x0000000013f10000, 0x0000000015710000)

Polling page: 0x0000000000c00000

CodeCache: size=245760Kb used=53291Kb max_used=53291Kb free=192468Kb
 bounds [0x0000000002a40000, 0x0000000005ea0000, 0x0000000011a40000]
 total_blobs=15555 nmethods=14725 adapters=740
 compilation: enabled

Compilation events (10 events):
Event: 4216.553 Thread 0x00000000163b9800 18406       3       org.gradle.api.internal.tasks.TaskPropertyUtils::collectFileProperties (89 bytes)
Event: 4216.555 Thread 0x00000000163b9800 nmethod 18406 0x00000000053a4050 code [0x00000000053a43e0, 0x00000000053a6258]
Event: 4216.555 Thread 0x00000000163b9800 18407       1       com.android.build.gradle.internal.scope.VariantScopeImpl::getMicroApkTask (5 bytes)
Event: 4216.556 Thread 0x00000000163b9800 nmethod 18407 0x0000000003e1ca50 code [0x0000000003e1cba0, 0x0000000003e1ccb0]
Event: 4216.568 Thread 0x00000000163b9800 18408       1       com.android.builder.core.AndroidBuilder::getTargetInfo (5 bytes)
Event: 4216.568 Thread 0x00000000163b9800 nmethod 18408 0x0000000003e1c790 code [0x0000000003e1c8e0, 0x0000000003e1c9f0]
Event: 4216.569 Thread 0x00000000163b9800 18410       1       com.android.build.gradle.tasks.ProcessAndroidResources::getAaptOptions (5 bytes)
Event: 4216.569 Thread 0x00000000163b9800 nmethod 18410 0x0000000003e1c4d0 code [0x0000000003e1c620, 0x0000000003e1c730]
Event: 4216.582 Thread 0x00000000163b9800 18411       3       org.gradle.api.internal.file.collections.FileTreeAdapter::<init> (10 bytes)
Event: 4216.583 Thread 0x00000000163b9800 nmethod 18411 0x0000000003e1bf90 code [0x0000000003e1c100, 0x0000000003e1c390]

GC Heap History (10 events):
Event: 3665.780 GC heap before
{Heap before GC invocations=28 (full 4):
 PSYoungGen      total 196096K, used 174930K [0x00000000e0000000, 0x00000000eed80000, 0x0000000100000000)
  eden space 163840K, 100% used [0x00000000e0000000,0x00000000ea000000,0x00000000ea000000)
  from space 32256K, 34% used [0x00000000ea000000,0x00000000eaad4bf8,0x00000000ebf80000)
  to   space 30720K, 0% used [0x00000000ecf80000,0x00000000ecf80000,0x00000000eed80000)
 ParOldGen       total 147456K, used 82489K [0x00000000a0000000, 0x00000000a9000000, 0x00000000e0000000)
  object space 147456K, 55% used [0x00000000a0000000,0x00000000a508e4d8,0x00000000a9000000)
 Metaspace       used 74147K, capacity 77832K, committed 78040K, reserved 1116160K
  class space    used 9598K, capacity 10416K, committed 10456K, reserved 1048576K
Event: 3665.803 GC heap after
Heap after GC invocations=28 (full 4):
 PSYoungGen      total 205312K, used 16041K [0x00000000e0000000, 0x00000000ee980000, 0x0000000100000000)
  eden space 178688K, 0% used [0x00000000e0000000,0x00000000e0000000,0x00000000eae80000)
  from space 26624K, 60% used [0x00000000ecf80000,0x00000000edf2a538,0x00000000ee980000)
  to   space 30208K, 0% used [0x00000000eae80000,0x00000000eae80000,0x00000000ecc00000)
 ParOldGen       total 147456K, used 82497K [0x00000000a0000000, 0x00000000a9000000, 0x00000000e0000000)
  object space 147456K, 55% used [0x00000000a0000000,0x00000000a50904d8,0x00000000a9000000)
 Metaspace       used 74147K, capacity 77832K, committed 78040K, reserved 1116160K
  class space    used 9598K, capacity 10416K, committed 10456K, reserved 1048576K
}
Event: 3691.078 GC heap before
{Heap before GC invocations=29 (full 4):
 PSYoungGen      total 205312K, used 194729K [0x00000000e0000000, 0x00000000ee980000, 0x0000000100000000)
  eden space 178688K, 100% used [0x00000000e0000000,0x00000000eae80000,0x00000000eae80000)
  from space 26624K, 60% used [0x00000000ecf80000,0x00000000edf2a538,0x00000000ee980000)
  to   space 30208K, 0% used [0x00000000eae80000,0x00000000eae80000,0x00000000ecc00000)
 ParOldGen       total 147456K, used 82497K [0x00000000a0000000, 0x00000000a9000000, 0x00000000e0000000)
  object space 147456K, 55% used [0x00000000a0000000,0x00000000a50904d8,0x00000000a9000000)
 Metaspace       used 75479K, capacity 80000K, committed 80216K, reserved 1118208K
  class space    used 9744K, capacity 10736K, committed 10840K, reserved 1048576K
Event: 3691.412 GC heap after
Heap after GC invocations=29 (full 4):
 PSYoungGen      total 208896K, used 14530K [0x00000000e0000000, 0x00000000ef800000, 0x0000000100000000)
  eden space 178688K, 0% used [0x00000000e0000000,0x00000000e0000000,0x00000000eae80000)
  from space 30208K, 48% used [0x00000000eae80000,0x00000000ebcb0b18,0x00000000ecc00000)
  to   space 29184K, 0% used [0x00000000edb80000,0x00000000edb80000,0x00000000ef800000)
 ParOldGen       total 147456K, used 82505K [0x00000000a0000000, 0x00000000a9000000, 0x00000000e0000000)
  object space 147456K, 55% used [0x00000000a0000000,0x00000000a50924d8,0x00000000a9000000)
 Metaspace       used 75479K, capacity 80000K, committed 80216K, reserved 1118208K
  class space    used 9744K, capacity 10736K, committed 10840K, reserved 1048576K
}
Event: 3711.254 GC heap before
{Heap before GC invocations=30 (full 4):
 PSYoungGen      total 208896K, used 193218K [0x00000000e0000000, 0x00000000ef800000, 0x0000000100000000)
  eden space 178688K, 100% used [0x00000000e0000000,0x00000000eae80000,0x00000000eae80000)
  from space 30208K, 48% used [0x00000000eae80000,0x00000000ebcb0b18,0x00000000ecc00000)
  to   space 29184K, 0% used [0x00000000edb80000,0x00000000edb80000,0x00000000ef800000)
 ParOldGen       total 147456K, used 82505K [0x00000000a0000000, 0x00000000a9000000, 0x00000000e0000000)
  object space 147456K, 55% used [0x00000000a0000000,0x00000000a50924d8,0x00000000a9000000)
 Metaspace       used 76343K, capacity 80798K, committed 80984K, reserved 1120256K
  class space    used 9806K, capacity 10805K, committed 10840K, reserved 1048576K
Event: 3711.321 GC heap after
Heap after GC invocations=30 (full 4):
 PSYoungGen      total 216576K, used 29173K [0x00000000e0000000, 0x00000000f0680000, 0x0000000100000000)
  eden space 187392K, 0% used [0x00000000e0000000,0x00000000e0000000,0x00000000eb700000)
  from space 29184K, 99% used [0x00000000edb80000,0x00000000ef7fd448,0x00000000ef800000)
  to   space 37376K, 0% used [0x00000000eb700000,0x00000000eb700000,0x00000000edb80000)
 ParOldGen       total 147456K, used 93320K [0x00000000a0000000, 0x00000000a9000000, 0x00000000e0000000)
  object space 147456K, 63% used [0x00000000a0000000,0x00000000a5b22350,0x00000000a9000000)
 Metaspace       used 76343K, capacity 80798K, committed 80984K, reserved 1120256K
  class space    used 9806K, capacity 10805K, committed 10840K, reserved 1048576K
}
Event: 4167.150 GC heap before
{Heap before GC invocations=31 (full 4):
 PSYoungGen      total 216576K, used 216565K [0x00000000e0000000, 0x00000000f0680000, 0x0000000100000000)
  eden space 187392K, 100% used [0x00000000e0000000,0x00000000eb700000,0x00000000eb700000)
  from space 29184K, 99% used [0x00000000edb80000,0x00000000ef7fd448,0x00000000ef800000)
  to   space 37376K, 0% used [0x00000000eb700000,0x00000000eb700000,0x00000000edb80000)
 ParOldGen       total 147456K, used 93320K [0x00000000a0000000, 0x00000000a9000000, 0x00000000e0000000)
  object space 147456K, 63% used [0x00000000a0000000,0x00000000a5b22350,0x00000000a9000000)
 Metaspace       used 76896K, capacity 81618K, committed 81880K, reserved 1120256K
  class space    used 9856K, capacity 10917K, committed 10968K, reserved 1048576K
Event: 4167.473 GC heap after
Heap after GC invocations=31 (full 4):
 PSYoungGen      total 224768K, used 26737K [0x00000000e0000000, 0x00000000f1100000, 0x0000000100000000)
  eden space 187392K, 0% used [0x00000000e0000000,0x00000000e0000000,0x00000000eb700000)
  from space 37376K, 71% used [0x00000000eb700000,0x00000000ed11c468,0x00000000edb80000)
  to   space 39424K, 0% used [0x00000000eea80000,0x00000000eea80000,0x00000000f1100000)
 ParOldGen       total 147456K, used 93328K [0x00000000a0000000, 0x00000000a9000000, 0x00000000e0000000)
  object space 147456K, 63% used [0x00000000a0000000,0x00000000a5b24350,0x00000000a9000000)
 Metaspace       used 76896K, capacity 81618K, committed 81880K, reserved 1120256K
  class space    used 9856K, capacity 10917K, committed 10968K, reserved 1048576K
}
Event: 4208.533 GC heap before
{Heap before GC invocations=32 (full 4):
 PSYoungGen      total 224768K, used 214129K [0x00000000e0000000, 0x00000000f1100000, 0x0000000100000000)
  eden space 187392K, 100% used [0x00000000e0000000,0x00000000eb700000,0x00000000eb700000)
  from space 37376K, 71% used [0x00000000eb700000,0x00000000ed11c468,0x00000000edb80000)
  to   space 39424K, 0% used [0x00000000eea80000,0x00000000eea80000,0x00000000f1100000)
 ParOldGen       total 147456K, used 93328K [0x00000000a0000000, 0x00000000a9000000, 0x00000000e0000000)
  object space 147456K, 63% used [0x00000000a0000000,0x00000000a5b24350,0x00000000a9000000)
 Metaspace       used 80316K, capacity 85452K, committed 85720K, reserved 1124352K
  class space    used 10283K, capacity 11416K, committed 11480K, reserved 1048576K
Event: 4208.585 GC heap after
Heap after GC invocations=32 (full 4):
 PSYoungGen      total 236032K, used 34370K [0x00000000e0000000, 0x00000000f1700000, 0x0000000100000000)
  eden space 196608K, 0% used [0x00000000e0000000,0x00000000e0000000,0x00000000ec000000)
  from space 39424K, 87% used [0x00000000eea80000,0x00000000f0c109c8,0x00000000f1100000)
  to   space 43520K, 0% used [0x00000000ec000000,0x00000000ec000000,0x00000000eea80000)
 ParOldGen       total 147456K, used 93355K [0x00000000a0000000, 0x00000000a9000000, 0x00000000e0000000)
  object space 147456K, 63% used [0x00000000a0000000,0x00000000a5b2afa0,0x00000000a9000000)
 Metaspace       used 80316K, capacity 85452K, committed 85720K, reserved 1124352K
  class space    used 10283K, capacity 11416K, committed 11480K, reserved 1048576K
}

Deoptimization events (10 events):
Event: 4207.781 Thread 0x0000000018769800 Uncommon trap: reason=bimorphic action=maybe_recompile pc=0x0000000005993428 method=com.google.common.collect.AbstractMapBasedMultimap.put(Ljava/lang/Object;Ljava/lang/Object;)Z @ 5
Event: 4207.781 Thread 0x0000000018769800 Uncommon trap: reason=bimorphic action=maybe_recompile pc=0x0000000005993428 method=com.google.common.collect.AbstractMapBasedMultimap.put(Ljava/lang/Object;Ljava/lang/Object;)Z @ 5
Event: 4207.781 Thread 0x0000000018769800 Uncommon trap: reason=bimorphic action=maybe_recompile pc=0x0000000005993428 method=com.google.common.collect.AbstractMapBasedMultimap.put(Ljava/lang/Object;Ljava/lang/Object;)Z @ 5
Event: 4215.125 Thread 0x0000000018769800 Uncommon trap: reason=class_check action=maybe_recompile pc=0x0000000005e3a2c8 method=java.util.stream.AbstractPipeline.wrapAndCopyInto(Ljava/util/stream/Sink;Ljava/util/Spliterator;)Ljava/util/stream/Sink; @ 6
Event: 4215.125 Thread 0x0000000018769800 Uncommon trap: reason=class_check action=maybe_recompile pc=0x0000000005e3a2c8 method=java.util.stream.AbstractPipeline.wrapAndCopyInto(Ljava/util/stream/Sink;Ljava/util/Spliterator;)Ljava/util/stream/Sink; @ 6
Event: 4215.126 Thread 0x0000000018769800 Uncommon trap: reason=class_check action=maybe_recompile pc=0x0000000005e3a2c8 method=java.util.stream.AbstractPipeline.wrapAndCopyInto(Ljava/util/stream/Sink;Ljava/util/Spliterator;)Ljava/util/stream/Sink; @ 6
Event: 4215.127 Thread 0x0000000018769800 Uncommon trap: reason=class_check action=maybe_recompile pc=0x0000000005e3a2c8 method=java.util.stream.AbstractPipeline.wrapAndCopyInto(Ljava/util/stream/Sink;Ljava/util/Spliterator;)Ljava/util/stream/Sink; @ 6
Event: 4215.973 Thread 0x0000000018769800 Uncommon trap: reason=unstable_if action=reinterpret pc=0x0000000005b24af8 method=com.google.gson.stream.JsonReader.peek()Lcom/google/gson/stream/JsonToken; @ 6
Event: 4215.973 Thread 0x0000000018769800 Uncommon trap: reason=unstable_if action=reinterpret pc=0x0000000005bb88d8 method=com.google.gson.stream.JsonReader.nextString()Ljava/lang/String; @ 47
Event: 4215.978 Thread 0x0000000018769800 Uncommon trap: reason=class_check action=maybe_recompile pc=0x0000000002d429e8 method=java.io.Writer.append(Ljava/lang/CharSequence;)Ljava/io/Writer; @ 20

Internal exceptions (10 events):
Event: 4214.944 Thread 0x0000000018769800 Exception <a 'sun/nio/fs/WindowsException'> (0x00000000e3aa55d8) thrown at [C:\src\android\AOSP-openjdk\external\jetbrains\jdk\hotspot\src\share\vm\prims\jni.cpp, line 709]
Event: 4214.944 Thread 0x0000000018769800 Exception <a 'sun/nio/fs/WindowsException'> (0x00000000e3aa7f18) thrown at [C:\src\android\AOSP-openjdk\external\jetbrains\jdk\hotspot\src\share\vm\prims\jni.cpp, line 709]
Event: 4214.944 Thread 0x0000000018769800 Exception <a 'sun/nio/fs/WindowsException'> (0x00000000e3aa88e8) thrown at [C:\src\android\AOSP-openjdk\external\jetbrains\jdk\hotspot\src\share\vm\prims\jni.cpp, line 709]
Event: 4214.944 Thread 0x0000000018769800 Exception <a 'sun/nio/fs/WindowsException'> (0x00000000e3aaa548) thrown at [C:\src\android\AOSP-openjdk\external\jetbrains\jdk\hotspot\src\share\vm\prims\jni.cpp, line 709]
Event: 4214.944 Thread 0x0000000018769800 Exception <a 'sun/nio/fs/WindowsException'> (0x00000000e3aaaf38) thrown at [C:\src\android\AOSP-openjdk\external\jetbrains\jdk\hotspot\src\share\vm\prims\jni.cpp, line 709]
Event: 4214.945 Thread 0x0000000018769800 Exception <a 'sun/nio/fs/WindowsException'> (0x00000000e3aad970) thrown at [C:\src\android\AOSP-openjdk\external\jetbrains\jdk\hotspot\src\share\vm\prims\jni.cpp, line 709]
Event: 4214.945 Thread 0x0000000018769800 Exception <a 'sun/nio/fs/WindowsException'> (0x00000000e3aae350) thrown at [C:\src\android\AOSP-openjdk\external\jetbrains\jdk\hotspot\src\share\vm\prims\jni.cpp, line 709]
Event: 4214.945 Thread 0x0000000018769800 Exception <a 'sun/nio/fs/WindowsException'> (0x00000000e3aaffd8) thrown at [C:\src\android\AOSP-openjdk\external\jetbrains\jdk\hotspot\src\share\vm\prims\jni.cpp, line 709]
Event: 4214.945 Thread 0x0000000018769800 Exception <a 'sun/nio/fs/WindowsException'> (0x00000000e3ab09d8) thrown at [C:\src\android\AOSP-openjdk\external\jetbrains\jdk\hotspot\src\share\vm\prims\jni.cpp, line 709]
Event: 4216.638 Thread 0x0000000018769800 Exception <a 'sun/nio/fs/WindowsException'> (0x00000000e6344150) thrown at [C:\src\android\AOSP-openjdk\external\jetbrains\jdk\hotspot\src\share\vm\prims\jni.cpp, line 709]

Events (10 events):
Event: 4216.479 Executing VM operation: RevokeBias done
Event: 4216.483 Executing VM operation: RevokeBias
Event: 4216.483 Executing VM operation: RevokeBias done
Event: 4216.486 Executing VM operation: RevokeBias
Event: 4216.486 Executing VM operation: RevokeBias done
Event: 4216.490 Executing VM operation: RevokeBias
Event: 4216.490 Executing VM operation: RevokeBias done
Event: 4216.609 Thread 0x000000001876c800 Thread exited: 0x000000001876c800
Event: 4216.610 Executing VM operation: RevokeBias
Event: 4216.610 Executing VM operation: RevokeBias done


Dynamic libraries:
0x00007ff6a36a0000 - 0x00007ff6a36d1000 	C:\Program Files\Android\Android Studio\jre\bin\java.exe
0x00007ffdaa090000 - 0x00007ffdaa261000 	C:\WINDOWS\SYSTEM32\ntdll.dll
0x00007ffda7650000 - 0x00007ffda76fb000 	C:\WINDOWS\System32\KERNEL32.DLL
0x00007ffda67a0000 - 0x00007ffda69bd000 	C:\WINDOWS\System32\KERNELBASE.dll
0x00007ffda9fe0000 - 0x00007ffdaa082000 	C:\WINDOWS\System32\ADVAPI32.dll
0x00007ffda7cc0000 - 0x00007ffda7d5e000 	C:\WINDOWS\System32\msvcrt.dll
0x00007ffda7a10000 - 0x00007ffda7a69000 	C:\WINDOWS\System32\sechost.dll
0x00007ffda7b70000 - 0x00007ffda7c91000 	C:\WINDOWS\System32\RPCRT4.dll
0x00007ffda7700000 - 0x00007ffda7865000 	C:\WINDOWS\System32\USER32.dll
0x00007ffda65d0000 - 0x00007ffda65ee000 	C:\WINDOWS\System32\win32u.dll
0x00007ffda7b30000 - 0x00007ffda7b64000 	C:\WINDOWS\System32\GDI32.dll
0x00007ffda73e0000 - 0x00007ffda7562000 	C:\WINDOWS\System32\gdi32full.dll
0x00007ffd99e90000 - 0x00007ffd9a10a000 	C:\WINDOWS\WinSxS\amd64_microsoft.windows.common-controls_6595b64144ccf1df_6.0.14393.953_none_42151e83c686086b\COMCTL32.dll
0x00007ffda7dc0000 - 0x00007ffda8088000 	C:\WINDOWS\System32\combase.dll
0x00007ffda65f0000 - 0x00007ffda66e5000 	C:\WINDOWS\System32\ucrtbase.dll
0x00007ffda7100000 - 0x00007ffda716a000 	C:\WINDOWS\System32\bcryptPrimitives.dll
0x00007ffda7620000 - 0x00007ffda764e000 	C:\WINDOWS\System32\IMM32.DLL
0x000000006aff0000 - 0x000000006b0c2000 	C:\Program Files\Android\Android Studio\jre\jre\bin\msvcr100.dll
0x000000006b0d0000 - 0x000000006b90c000 	C:\Program Files\Android\Android Studio\jre\jre\bin\server\jvm.dll
0x00007ffda9f70000 - 0x00007ffda9f78000 	C:\WINDOWS\System32\PSAPI.DLL
0x00007ffd97370000 - 0x00007ffd9737a000 	C:\WINDOWS\SYSTEM32\VERSION.dll
0x00007ffda4970000 - 0x00007ffda4993000 	C:\WINDOWS\SYSTEM32\WINMM.dll
0x00007ffda2870000 - 0x00007ffda2879000 	C:\WINDOWS\SYSTEM32\WSOCK32.dll
0x00007ffda9f00000 - 0x00007ffda9f6a000 	C:\WINDOWS\System32\WS2_32.dll
0x0000000002790000 - 0x00000000027bb000 	C:\WINDOWS\SYSTEM32\WINMMBASE.dll
0x00007ffda6580000 - 0x00007ffda65c2000 	C:\WINDOWS\System32\cfgmgr32.dll
0x00007ffda2860000 - 0x00007ffda286f000 	C:\Program Files\Android\Android Studio\jre\jre\bin\verify.dll
0x00007ffda2830000 - 0x00007ffda2859000 	C:\Program Files\Android\Android Studio\jre\jre\bin\java.dll
0x00007ffda2810000 - 0x00007ffda2826000 	C:\Program Files\Android\Android Studio\jre\jre\bin\zip.dll
0x00007ffda8110000 - 0x00007ffda9619000 	C:\WINDOWS\System32\SHELL32.dll
0x00007ffda6a20000 - 0x00007ffda70fa000 	C:\WINDOWS\System32\windows.storage.dll
0x00007ffda64f0000 - 0x00007ffda653c000 	C:\WINDOWS\System32\powrprof.dll
0x00007ffda7d60000 - 0x00007ffda7db2000 	C:\WINDOWS\System32\shlwapi.dll
0x00007ffda6550000 - 0x00007ffda655f000 	C:\WINDOWS\System32\kernel.appcore.dll
0x00007ffda66f0000 - 0x00007ffda6799000 	C:\WINDOWS\System32\shcore.dll
0x00007ffda6560000 - 0x00007ffda6574000 	C:\WINDOWS\System32\profapi.dll
0x00007ffda27f0000 - 0x00007ffda280a000 	C:\Program Files\Android\Android Studio\jre\jre\bin\net.dll
0x00007ffda5e20000 - 0x00007ffda5e7c000 	C:\WINDOWS\system32\mswsock.dll
0x00007ffda27d0000 - 0x00007ffda27e1000 	C:\Program Files\Android\Android Studio\jre\jre\bin\nio.dll
0x00007ffda0fc0000 - 0x00007ffda0fde000 	C:\Users\alons\.gradle\native\23\windows-amd64\native-platform.dll
0x00007ffda5fc0000 - 0x00007ffda5fd7000 	C:\WINDOWS\SYSTEM32\CRYPTSP.dll
0x00007ffda5a20000 - 0x00007ffda5a53000 	C:\WINDOWS\system32\rsaenh.dll
0x00007ffda60d0000 - 0x00007ffda60fb000 	C:\WINDOWS\SYSTEM32\bcrypt.dll
0x00007ffda5ca0000 - 0x00007ffda5cbf000 	C:\WINDOWS\SYSTEM32\USERENV.dll
0x00007ffda5fe0000 - 0x00007ffda5feb000 	C:\WINDOWS\SYSTEM32\CRYPTBASE.dll
0x00007ffda5ba0000 - 0x00007ffda5bd8000 	C:\WINDOWS\SYSTEM32\IPHLPAPI.DLL
0x00007ffda9d50000 - 0x00007ffda9d58000 	C:\WINDOWS\System32\NSI.dll
0x00007ffda01d0000 - 0x00007ffda01e6000 	C:\WINDOWS\SYSTEM32\dhcpcsvc6.DLL
0x00007ffda05c0000 - 0x00007ffda05da000 	C:\WINDOWS\SYSTEM32\dhcpcsvc.DLL
0x00007ffda2790000 - 0x00007ffda279d000 	C:\Program Files\Android\Android Studio\jre\jre\bin\management.dll
0x00007ffd9a280000 - 0x00007ffd9a2a4000 	C:\Program Files\Android\Android Studio\jre\jre\bin\sunec.dll
0x00007ffd9b670000 - 0x00007ffd9b67b000 	C:\Program Files\Android\Android Studio\jre\jre\bin\sunmscapi.dll
0x00007ffda7210000 - 0x00007ffda73d9000 	C:\WINDOWS\System32\CRYPT32.dll
0x00007ffda6540000 - 0x00007ffda6550000 	C:\WINDOWS\System32\MSASN1.dll
0x00007ffda5be0000 - 0x00007ffda5c81000 	C:\WINDOWS\SYSTEM32\DNSAPI.dll
0x00007ffd99b40000 - 0x00007ffd99b4a000 	C:\Windows\System32\rasadhlp.dll
0x00007ffd9fe50000 - 0x00007ffd9feba000 	C:\WINDOWS\System32\fwpuclnt.dll

VM Arguments:
jvm_args: -Xmx1536m -Dfile.encoding=windows-1252 -Duser.country=MX -Duser.language=es -Duser.variant 
java_command: org.gradle.launcher.daemon.bootstrap.GradleDaemon 3.3
java_class_path (initial): C:\Users\alons\.gradle\wrapper\dists\gradle-3.3-all\55gk2rcmfc6p2dg9u9ohc3hw9\gradle-3.3\lib\gradle-launcher-3.3.jar
Launcher Type: SUN_STANDARD

Environment Variables:
PATH=C:\WINDOWS\system32;C:\WINDOWS;C:\WINDOWS\System32\Wbem;C:\WINDOWS\System32\WindowsPowerShell\v1.0\;C:\Users\alons\AppData\Roaming\Microsoft\Windows\Start Menu\Programs\Python 3.5;C:\Users\alons\AppData\Local\Programs\Python\Python36\Scripts\;C:\Users\alons\AppData\Local\Programs\Python\Python36\;C:\Users\alons\AppData\Local\Microsoft\WindowsApps;C:\Users\alons\AppData\Local\atom\bin;C:\Users\alons\AppData\Roaming\Microsoft\Windows\Start Menu\Programs\Python 3.5
USERNAME=alons
OS=Windows_NT
PROCESSOR_IDENTIFIER=Intel64 Family 6 Model 58 Stepping 9, GenuineIntel



---------------  S Y S T E M  ---------------

OS: Windows 10.0 , 64 bit Build 14393 (10.0.14393.0)

CPU:total 4 (2 cores per cpu, 2 threads per core) family 6 model 58 stepping 9, cmov, cx8, fxsr, mmx, sse, sse2, sse3, ssse3, sse4.1, sse4.2, popcnt, avx, aes, clmul, erms, ht, tsc, tscinvbit, tscinv

Memory: 4k page, physical 4075224k(739408k free), swap 5146028k(6284k free)

vm_info: OpenJDK 64-Bit Server VM (25.112-b06) for windows-amd64 JRE (1.8.0_112-release-b06), built on Dec  8 2016 00:54:26 by "builder" with MS VC++ 10.0 (VS2010)

time: Mon May 01 11:22:01 2017
elapsed time: 4216 seconds (0d 1h 10m 16s)

