#
# There is insufficient memory for the Java Runtime Environment to continue.
# Native memory allocation (malloc) failed to allocate 1716080 bytes for Chunk::new
# Possible reasons:
#   The system is out of physical RAM or swap space
#   In 32 bit mode, the process size limit was hit
# Possible solutions:
#   Reduce memory load on the system
#   Increase physical memory or swap space
#   Check if swap backing store is full
#   Use 64 bit Java on a 64 bit OS
#   Decrease Java heap size (-Xmx/-Xms)
#   Decrease number of Java threads
#   Decrease Java thread stack sizes (-Xss)
#   Set larger code cache with -XX:ReservedCodeCacheSize=
# This output file may be truncated or incomplete.
#
#  Out of Memory Error (allocation.cpp:390), pid=7120, tid=0x0000000000001f5c
#
# JRE version: OpenJDK Runtime Environment (8.0_112-b06) (build 1.8.0_112-release-b06)
# Java VM: OpenJDK 64-Bit Server VM (25.112-b06 mixed mode windows-amd64 compressed oops)
# Failed to write core dump. Minidumps are not enabled by default on client versions of Windows
#

---------------  T H R E A D  ---------------

Current thread (0x000000001655d800):  JavaThread "C2 CompilerThread1" daemon [_thread_in_native, id=8028, stack(0x0000000017cc0000,0x0000000017dc0000)]

Stack: [0x0000000017cc0000,0x0000000017dc0000]
[error occurred during error reporting (printing stack bounds), id 0xc0000005]

Native frames: (J=compiled Java code, j=interpreted, Vv=VM code, C=native code)


Current CompileTask:
C2:4270938 16128   !   4       org.gradle.internal.service.DefaultServiceRegistry::doGet (102 bytes)


---------------  P R O C E S S  ---------------

Java Threads: ( => current thread )
  0x00000000195be800 JavaThread "pool-30-thread-1" [_thread_in_native, id=8880, stack(0x0000000029de0000,0x0000000029ee0000)]
  0x00000000195c4000 JavaThread "Cache update executor" [_thread_blocked, id=6060, stack(0x0000000029ce0000,0x0000000029de0000)]
  0x00000000195c4800 JavaThread "Stdin handler" [_thread_blocked, id=5168, stack(0x0000000029be0000,0x0000000029ce0000)]
  0x00000000195c1000 JavaThread "Asynchronous log dispatcher for DefaultDaemonConnection: socket connection from /127.0.0.1:51746 to /127.0.0.1:53088" [_thread_blocked, id=4264, stack(0x0000000029ae0000,0x0000000029be0000)]
  0x000000001944c000 JavaThread "Daemon worker Thread 5" [_thread_blocked, id=7800, stack(0x00000000299e0000,0x0000000029ae0000)]
  0x0000000019446800 JavaThread "Cancel handler" [_thread_blocked, id=4352, stack(0x00000000298e0000,0x00000000299e0000)]
  0x000000001944a800 JavaThread "Handler for socket connection from /127.0.0.1:51746 to /127.0.0.1:53088" [_thread_in_native, id=5536, stack(0x00000000297e0000,0x00000000298e0000)]
  0x0000000019448000 JavaThread "Daemon Thread 5" [_thread_blocked, id=8140, stack(0x00000000296e0000,0x00000000297e0000)]
  0x00000000195cb800 JavaThread "pool-7-thread-4" [_thread_blocked, id=2176, stack(0x00000000287e0000,0x00000000288e0000)]
  0x00000000195c7800 JavaThread "pool-7-thread-3" [_thread_blocked, id=8852, stack(0x00000000270e0000,0x00000000271e0000)]
  0x00000000195c0000 JavaThread "pool-7-thread-1" [_thread_blocked, id=6764, stack(0x00000000247e0000,0x00000000248e0000)]
  0x00000000195bf800 JavaThread "pool-7-thread-2" [_thread_in_vm, id=8048, stack(0x00000000246e0000,0x00000000247e0000)]
  0x000000001b1aa800 JavaThread "File lock request listener" [_thread_in_native, id=7276, stack(0x000000001bef0000,0x000000001bff0000)]
  0x000000001947a800 JavaThread "pool-1-thread-1" [_thread_blocked, id=9044, stack(0x000000001a820000,0x000000001a920000)]
  0x000000001909b800 JavaThread "Incoming local TCP Connector on port 51746" [_thread_in_native, id=5888, stack(0x000000001a1d0000,0x000000001a2d0000)]
  0x00000000165be800 JavaThread "Service Thread" daemon [_thread_blocked, id=7772, stack(0x00000000182c0000,0x00000000183c0000)]
  0x0000000016563000 JavaThread "C1 CompilerThread2" daemon [_thread_blocked, id=6952, stack(0x0000000017dc0000,0x0000000017ec0000)]
=>0x000000001655d800 JavaThread "C2 CompilerThread1" daemon [_thread_in_native, id=8028, stack(0x0000000017cc0000,0x0000000017dc0000)]
  0x000000001655b000 JavaThread "C2 CompilerThread0" daemon [_thread_in_native, id=8960, stack(0x0000000017bc0000,0x0000000017cc0000)]
  0x0000000016558800 JavaThread "Attach Listener" daemon [_thread_blocked, id=2096, stack(0x0000000017ac0000,0x0000000017bc0000)]
  0x0000000016557800 JavaThread "Signal Dispatcher" daemon [_thread_blocked, id=4564, stack(0x00000000179c0000,0x0000000017ac0000)]
  0x0000000002beb000 JavaThread "Finalizer" daemon [_thread_blocked, id=460, stack(0x00000000177b0000,0x00000000178b0000)]
  0x0000000002be0000 JavaThread "Reference Handler" daemon [_thread_blocked, id=8836, stack(0x00000000176b0000,0x00000000177b0000)]
  0x0000000002af0800 JavaThread "main" [_thread_blocked, id=800, stack(0x0000000002910000,0x0000000002a10000)]

Other Threads:
  0x0000000016524800 VMThread [stack: 0x00000000175b0000,0x00000000176b0000] [id=8856]
  0x0000000017ee5800 WatcherThread [stack: 0x00000000183c0000,0x00000000184c0000] [id=2804]

VM state:not at safepoint (normal execution)

VM Mutex/Monitor currently owned by a thread: None

Heap:
 PSYoungGen      total 368128K, used 18321K [0x00000000e0000000, 0x00000000fa600000, 0x0000000100000000)
  eden space 348160K, 5% used [0x00000000e0000000,0x00000000e11e44d8,0x00000000f5400000)
  from space 19968K, 0% used [0x00000000f8e80000,0x00000000f8e80000,0x00000000fa200000)
  to   space 41984K, 0% used [0x00000000f5400000,0x00000000f5400000,0x00000000f7d00000)
 ParOldGen       total 143360K, used 76423K [0x00000000a0000000, 0x00000000a8c00000, 0x00000000e0000000)
  object space 143360K, 53% used [0x00000000a0000000,0x00000000a4aa1c70,0x00000000a8c00000)
 Metaspace       used 70966K, capacity 73928K, committed 75992K, reserved 1116160K
  class space    used 9065K, capacity 9714K, committed 10200K, reserved 1048576K

Card table byte_map: [0x0000000011fb0000,0x00000000122c0000] byte_map_base: 0x0000000011ab0000

Marking Bits: (ParMarkBitMap*) 0x0000000060c418f0
 Begin Bits: [0x00000000128c0000, 0x00000000140c0000)
 End Bits:   [0x00000000140c0000, 0x00000000158c0000)

Polling page: 0x00000000028c0000

CodeCache: size=245760Kb used=47270Kb max_used=47415Kb free=198489Kb
 bounds [0x0000000002bf0000, 0x0000000005a90000, 0x0000000011bf0000]
 total_blobs=13997 nmethods=13199 adapters=709
 compilation: enabled

Compilation events (10 events):
Event: 4269.818 Thread 0x0000000016563000 16304   !   3       com.android.dx.dex.file.CodeItem::writeCodes (50 bytes)
Event: 4269.820 Thread 0x0000000016563000 nmethod 16304 0x00000000032ec310 code [0x00000000032ec520, 0x00000000032ecf68]
Event: 4269.830 Thread 0x0000000016563000 16305       3       com.android.dx.dex.code.form.Form21t::writeTo (34 bytes)
Event: 4269.832 Thread 0x0000000016563000 nmethod 16305 0x000000000514e290 code [0x000000000514e4a0, 0x000000000514f0d8]
Event: 4269.872 Thread 0x000000001655b000 nmethod 16294 0x00000000050cfc90 code [0x00000000050d0100, 0x00000000050d1c48]
Event: 4269.872 Thread 0x000000001655b000 16301       4       com.android.dx.dex.code.form.Form35c::explicitize (105 bytes)
Event: 4269.898 Thread 0x000000001655b000 nmethod 16301 0x00000000032e8910 code [0x00000000032e8ae0, 0x00000000032e9488]
Event: 4269.898 Thread 0x000000001655b000 16295       4       com.android.dx.dex.file.ValueEncoder::constantToValueType (166 bytes)
Event: 4269.903 Thread 0x000000001655b000 nmethod 16295 0x00000000036e3210 code [0x00000000036e33c0, 0x00000000036e3638]
Event: 4269.903 Thread 0x000000001655b000 16297       4       com.android.dx.dex.file.FieldIdsSection::indexOf (49 bytes)

GC Heap History (10 events):
Event: 2102.181 GC heap before
{Heap before GC invocations=16 (full 3):
 PSYoungGen      total 312832K, used 312680K [0x00000000e0000000, 0x00000000f5700000, 0x0000000100000000)
  eden space 300032K, 100% used [0x00000000e0000000,0x00000000f2500000,0x00000000f2500000)
  from space 12800K, 98% used [0x00000000f4a80000,0x00000000f56da058,0x00000000f5700000)
  to   space 22528K, 0% used [0x00000000f2b00000,0x00000000f2b00000,0x00000000f4100000)
 ParOldGen       total 95232K, used 49006K [0x00000000a0000000, 0x00000000a5d00000, 0x00000000e0000000)
  object space 95232K, 51% used [0x00000000a0000000,0x00000000a2fdbab0,0x00000000a5d00000)
 Metaspace       used 68659K, capacity 71756K, committed 71896K, reserved 1112064K
  class space    used 8972K, capacity 9687K, committed 9688K, reserved 1048576K
Event: 2102.285 GC heap after
Heap after GC invocations=16 (full 3):
 PSYoungGen      total 328704K, used 22518K [0x00000000e0000000, 0x00000000faf00000, 0x0000000100000000)
  eden space 306176K, 0% used [0x00000000e0000000,0x00000000e0000000,0x00000000f2b00000)
  from space 22528K, 99% used [0x00000000f2b00000,0x00000000f40fdb18,0x00000000f4100000)
  to   space 27136K, 0% used [0x00000000f9480000,0x00000000f9480000,0x00000000faf00000)
 ParOldGen       total 95232K, used 52674K [0x00000000a0000000, 0x00000000a5d00000, 0x00000000e0000000)
  object space 95232K, 55% used [0x00000000a0000000,0x00000000a3370a80,0x00000000a5d00000)
 Metaspace       used 68659K, capacity 71756K, committed 71896K, reserved 1112064K
  class space    used 8972K, capacity 9687K, committed 9688K, reserved 1048576K
}
Event: 3807.015 GC heap before
{Heap before GC invocations=17 (full 3):
 PSYoungGen      total 328704K, used 328694K [0x00000000e0000000, 0x00000000faf00000, 0x0000000100000000)
  eden space 306176K, 100% used [0x00000000e0000000,0x00000000f2b00000,0x00000000f2b00000)
  from space 22528K, 99% used [0x00000000f2b00000,0x00000000f40fdb18,0x00000000f4100000)
  to   space 27136K, 0% used [0x00000000f9480000,0x00000000f9480000,0x00000000faf00000)
 ParOldGen       total 95232K, used 52674K [0x00000000a0000000, 0x00000000a5d00000, 0x00000000e0000000)
  object space 95232K, 55% used [0x00000000a0000000,0x00000000a3370a80,0x00000000a5d00000)
 Metaspace       used 71152K, capacity 74528K, committed 74584K, reserved 1114112K
  class space    used 9273K, capacity 10033K, committed 10072K, reserved 1048576K
Event: 3807.149 GC heap after
Heap after GC invocations=17 (full 3):
 PSYoungGen      total 401920K, used 8111K [0x00000000e0000000, 0x00000000fa800000, 0x0000000100000000)
  eden space 381952K, 0% used [0x00000000e0000000,0x00000000e0000000,0x00000000f7500000)
  from space 19968K, 40% used [0x00000000f9480000,0x00000000f9c6bf40,0x00000000fa800000)
  to   space 26112K, 0% used [0x00000000f7500000,0x00000000f7500000,0x00000000f8e80000)
 ParOldGen       total 95232K, used 60068K [0x00000000a0000000, 0x00000000a5d00000, 0x00000000e0000000)
  object space 95232K, 63% used [0x00000000a0000000,0x00000000a3aa93a0,0x00000000a5d00000)
 Metaspace       used 71152K, capacity 74528K, committed 74584K, reserved 1114112K
  class space    used 9273K, capacity 10033K, committed 10072K, reserved 1048576K
}
Event: 4102.466 GC heap before
{Heap before GC invocations=18 (full 3):
 PSYoungGen      total 401920K, used 390063K [0x00000000e0000000, 0x00000000fa800000, 0x0000000100000000)
  eden space 381952K, 100% used [0x00000000e0000000,0x00000000f7500000,0x00000000f7500000)
  from space 19968K, 40% used [0x00000000f9480000,0x00000000f9c6bf40,0x00000000fa800000)
  to   space 26112K, 0% used [0x00000000f7500000,0x00000000f7500000,0x00000000f8e80000)
 ParOldGen       total 95232K, used 60068K [0x00000000a0000000, 0x00000000a5d00000, 0x00000000e0000000)
  object space 95232K, 63% used [0x00000000a0000000,0x00000000a3aa93a0,0x00000000a5d00000)
 Metaspace       used 71789K, capacity 75358K, committed 75480K, reserved 1114112K
  class space    used 9311K, capacity 10088K, committed 10200K, reserved 1048576K
Event: 4102.539 GC heap after
Heap after GC invocations=18 (full 3):
 PSYoungGen      total 390656K, used 26100K [0x00000000e0000000, 0x00000000fa200000, 0x0000000100000000)
  eden space 364544K, 0% used [0x00000000e0000000,0x00000000e0000000,0x00000000f6400000)
  from space 26112K, 99% used [0x00000000f7500000,0x00000000f8e7d250,0x00000000f8e80000)
  to   space 19968K, 0% used [0x00000000f8e80000,0x00000000f8e80000,0x00000000fa200000)
 ParOldGen       total 95232K, used 64625K [0x00000000a0000000, 0x00000000a5d00000, 0x00000000e0000000)
  object space 95232K, 67% used [0x00000000a0000000,0x00000000a3f1c440,0x00000000a5d00000)
 Metaspace       used 71789K, capacity 75358K, committed 75480K, reserved 1114112K
  class space    used 9311K, capacity 10088K, committed 10200K, reserved 1048576K
}
Event: 4267.799 GC heap before
{Heap before GC invocations=19 (full 3):
 PSYoungGen      total 390656K, used 390644K [0x00000000e0000000, 0x00000000fa200000, 0x0000000100000000)
  eden space 364544K, 100% used [0x00000000e0000000,0x00000000f6400000,0x00000000f6400000)
  from space 26112K, 99% used [0x00000000f7500000,0x00000000f8e7d250,0x00000000f8e80000)
  to   space 19968K, 0% used [0x00000000f8e80000,0x00000000f8e80000,0x00000000fa200000)
 ParOldGen       total 95232K, used 64625K [0x00000000a0000000, 0x00000000a5d00000, 0x00000000e0000000)
  object space 95232K, 67% used [0x00000000a0000000,0x00000000a3f1c440,0x00000000a5d00000)
 Metaspace       used 72208K, capacity 75892K, committed 75992K, reserved 1116160K
  class space    used 9336K, capacity 10127K, committed 10200K, reserved 1048576K
Event: 4267.976 GC heap after
Heap after GC invocations=19 (full 3):
 PSYoungGen      total 368128K, used 19950K [0x00000000e0000000, 0x00000000fa600000, 0x0000000100000000)
  eden space 348160K, 0% used [0x00000000e0000000,0x00000000e0000000,0x00000000f5400000)
  from space 19968K, 99% used [0x00000000f8e80000,0x00000000fa1fba80,0x00000000fa200000)
  to   space 41984K, 0% used [0x00000000f5400000,0x00000000f5400000,0x00000000f7d00000)
 ParOldGen       total 95232K, used 89784K [0x00000000a0000000, 0x00000000a5d00000, 0x00000000e0000000)
  object space 95232K, 94% used [0x00000000a0000000,0x00000000a57ae3f0,0x00000000a5d00000)
 Metaspace       used 72208K, capacity 75892K, committed 75992K, reserved 1116160K
  class space    used 9336K, capacity 10127K, committed 10200K, reserved 1048576K
}
Event: 4267.976 GC heap before
{Heap before GC invocations=20 (full 4):
 PSYoungGen      total 368128K, used 19950K [0x00000000e0000000, 0x00000000fa600000, 0x0000000100000000)
  eden space 348160K, 0% used [0x00000000e0000000,0x00000000e0000000,0x00000000f5400000)
  from space 19968K, 99% used [0x00000000f8e80000,0x00000000fa1fba80,0x00000000fa200000)
  to   space 41984K, 0% used [0x00000000f5400000,0x00000000f5400000,0x00000000f7d00000)
 ParOldGen       total 95232K, used 89784K [0x00000000a0000000, 0x00000000a5d00000, 0x00000000e0000000)
  object space 95232K, 94% used [0x00000000a0000000,0x00000000a57ae3f0,0x00000000a5d00000)
 Metaspace       used 72208K, capacity 75892K, committed 75992K, reserved 1116160K
  class space    used 9336K, capacity 10127K, committed 10200K, reserved 1048576K
Event: 4269.477 GC heap after
Heap after GC invocations=20 (full 4):
 PSYoungGen      total 368128K, used 0K [0x00000000e0000000, 0x00000000fa600000, 0x0000000100000000)
  eden space 348160K, 0% used [0x00000000e0000000,0x00000000e0000000,0x00000000f5400000)
  from space 19968K, 0% used [0x00000000f8e80000,0x00000000f8e80000,0x00000000fa200000)
  to   space 41984K, 0% used [0x00000000f5400000,0x00000000f5400000,0x00000000f7d00000)
 ParOldGen       total 143360K, used 76423K [0x00000000a0000000, 0x00000000a8c00000, 0x00000000e0000000)
  object space 143360K, 53% used [0x00000000a0000000,0x00000000a4aa1c70,0x00000000a8c00000)
 Metaspace       used 70964K, capacity 73928K, committed 75992K, reserved 1116160K
  class space    used 9065K, capacity 9714K, committed 10200K, reserved 1048576K
}

Deoptimization events (10 events):
Event: 4101.949 Thread 0x00000000195cb800 Uncommon trap: reason=array_check action=maybe_recompile pc=0x0000000005180c4c method=java.util.TimSort.binarySort([Ljava/lang/Object;IIILjava/util/Comparator;)V @ 215
Event: 4103.000 Thread 0x00000000195cb800 Uncommon trap: reason=class_check action=maybe_recompile pc=0x0000000003d9423c method=java.util.concurrent.TimeUnit$1.convert(JLjava/util/concurrent/TimeUnit;)J @ 2
Event: 4103.002 Thread 0x00000000195be800 Uncommon trap: reason=null_check action=make_not_entrant pc=0x0000000003fb96dc method=java.lang.ThreadLocal$ThreadLocalMap.set(Ljava/lang/ThreadLocal;Ljava/lang/Object;)V @ 36
Event: 4103.305 Thread 0x00000000195c9000 Uncommon trap: reason=class_check action=maybe_recompile pc=0x0000000004404fa4 method=java.io.BufferedWriter.flushBuffer()V @ 34
Event: 4258.510 Thread 0x000000001944c000 Uncommon trap: reason=predicate action=maybe_recompile pc=0x00000000058d4bb0 method=java.util.ComparableTimSort.reverseRange([Ljava/lang/Object;II)V @ 8
Event: 4260.488 Thread 0x000000001944c000 Uncommon trap: reason=array_check action=maybe_recompile pc=0x000000000596da84 method=java.util.ComparableTimSort.reverseRange([Ljava/lang/Object;II)V @ 20
Event: 4260.490 Thread 0x000000001944c000 Uncommon trap: reason=array_check action=maybe_recompile pc=0x000000000596da84 method=java.util.ComparableTimSort.reverseRange([Ljava/lang/Object;II)V @ 20
Event: 4260.493 Thread 0x000000001944c000 Uncommon trap: reason=array_check action=maybe_recompile pc=0x000000000596da84 method=java.util.ComparableTimSort.reverseRange([Ljava/lang/Object;II)V @ 20
Event: 4260.494 Thread 0x000000001944c000 Uncommon trap: reason=array_check action=maybe_recompile pc=0x000000000596da84 method=java.util.ComparableTimSort.reverseRange([Ljava/lang/Object;II)V @ 20
Event: 4266.465 Thread 0x00000000195bf800 Uncommon trap: reason=array_check action=maybe_recompile pc=0x0000000005a57ac4 method=java.util.TimSort.binarySort([Ljava/lang/Object;IIILjava/util/Comparator;)V @ 193

Internal exceptions (10 events):
Event: 3788.045 Thread 0x00000000195c4000 Exception <a 'java/lang/ClassNotFoundException': asLocalRepo428_c4u86jgvxsslnzgerzahud45mBeanInfo> (0x00000000eae42ce0) thrown at [C:\src\android\AOSP-openjdk\external\jetbrains\jdk\hotspot\src\share\vm\classfile\systemDictionary.cpp, line 210]
Event: 3788.049 Thread 0x00000000195c4000 Exception <a 'java/lang/ClassNotFoundException': asLocalRepo428_c4u86jgvxsslnzgerzahud45mCustomizer> (0x00000000eae4dc98) thrown at [C:\src\android\AOSP-openjdk\external\jetbrains\jdk\hotspot\src\share\vm\classfile\systemDictionary.cpp, line 210]
Event: 3791.777 Thread 0x00000000195c4000 Implicit null exception at 0x000000000447a1e3 to 0x000000000447a31d
Event: 3815.188 Thread 0x00000000195c4000 Exception <a 'sun/nio/fs/WindowsException'> (0x00000000eaa02140) thrown at [C:\src\android\AOSP-openjdk\external\jetbrains\jdk\hotspot\src\share\vm\prims\jni.cpp, line 709]
Event: 4093.672 Thread 0x00000000195be800 Exception <a 'java/lang/ClassNotFoundException': asLocalRepo588_d6a0k45gb9gdm8z0a9o42j799BeanInfo> (0x00000000eb3342c8) thrown at [C:\src\android\AOSP-openjdk\external\jetbrains\jdk\hotspot\src\share\vm\classfile\systemDictionary.cpp, line 210]
Event: 4093.673 Thread 0x00000000195be800 Exception <a 'java/lang/ClassNotFoundException': asLocalRepo588_d6a0k45gb9gdm8z0a9o42j799Customizer> (0x00000000eb33f280) thrown at [C:\src\android\AOSP-openjdk\external\jetbrains\jdk\hotspot\src\share\vm\classfile\systemDictionary.cpp, line 210]
Event: 4103.002 Thread 0x00000000195be800 Implicit null exception at 0x0000000003fb948d to 0x0000000003fb96b1
Event: 4104.351 Thread 0x00000000195be800 Exception <a 'sun/nio/fs/WindowsException'> (0x00000000e624c5c0) thrown at [C:\src\android\AOSP-openjdk\external\jetbrains\jdk\hotspot\src\share\vm\prims\jni.cpp, line 709]
Event: 4258.515 Thread 0x000000001944c000 Exception <a 'java/lang/ClassNotFoundException': asLocalRepo737_a3r6tex5jym0qwu9yl1l8sd62BeanInfo> (0x00000000e6a44dd8) thrown at [C:\src\android\AOSP-openjdk\external\jetbrains\jdk\hotspot\src\share\vm\classfile\systemDictionary.cpp, line 210]
Event: 4258.516 Thread 0x000000001944c000 Exception <a 'java/lang/ClassNotFoundException': asLocalRepo737_a3r6tex5jym0qwu9yl1l8sd62Customizer> (0x00000000e6a4fd90) thrown at [C:\src\android\AOSP-openjdk\external\jetbrains\jdk\hotspot\src\share\vm\classfile\systemDictionary.cpp, line 210]

Events (10 events):
Event: 4269.717 Thread 0x0000000016563000 flushing nmethod 0x00000000043e4f50
Event: 4269.719 Thread 0x0000000016563000 flushing nmethod 0x0000000004589a50
Event: 4269.721 Thread 0x0000000016563000 flushing nmethod 0x00000000045f4b90
Event: 4269.721 Thread 0x0000000016563000 flushing nmethod 0x00000000045f4ed0
Event: 4269.721 Thread 0x0000000016563000 flushing nmethod 0x00000000046772d0
Event: 4269.722 Thread 0x0000000016563000 flushing nmethod 0x0000000004705590
Event: 4269.731 Thread 0x000000001655b000 flushing nmethod 0x0000000004968310
Event: 4269.747 Thread 0x000000001655b000 flushing nmethod 0x00000000050ca590
Event: 4269.757 Thread 0x000000001655b000 flushing nmethod 0x00000000058d4490
Event: 4269.854 Thread 0x00000000195c6000 Thread exited: 0x00000000195c6000


Dynamic libraries:
0x00007ff7f27d0000 - 0x00007ff7f2801000 	C:\Program Files\Android\Android Studio\jre\bin\java.exe
0x00007ffaf3760000 - 0x00007ffaf3931000 	C:\WINDOWS\SYSTEM32\ntdll.dll
0x00007ffaf1890000 - 0x00007ffaf193b000 	C:\WINDOWS\System32\KERNEL32.DLL
0x00007ffaf01c0000 - 0x00007ffaf03dd000 	C:\WINDOWS\System32\KERNELBASE.dll
0x00007ffaf0f40000 - 0x00007ffaf0fe2000 	C:\WINDOWS\System32\ADVAPI32.dll
0x00007ffaf1070000 - 0x00007ffaf110e000 	C:\WINDOWS\System32\msvcrt.dll
0x00007ffaf3660000 - 0x00007ffaf36b9000 	C:\WINDOWS\System32\sechost.dll
0x00007ffaf0d30000 - 0x00007ffaf0e51000 	C:\WINDOWS\System32\RPCRT4.dll
0x00007ffaf2e50000 - 0x00007ffaf2fb5000 	C:\WINDOWS\System32\USER32.dll
0x00007ffaf0500000 - 0x00007ffaf051e000 	C:\WINDOWS\System32\win32u.dll
0x00007ffaf0cf0000 - 0x00007ffaf0d24000 	C:\WINDOWS\System32\GDI32.dll
0x00007ffaeffd0000 - 0x00007ffaf0152000 	C:\WINDOWS\System32\gdi32full.dll
0x00007ffae5230000 - 0x00007ffae54aa000 	C:\WINDOWS\WinSxS\amd64_microsoft.windows.common-controls_6595b64144ccf1df_6.0.14393.953_none_42151e83c686086b\COMCTL32.dll
0x00007ffaf2fd0000 - 0x00007ffaf3298000 	C:\WINDOWS\System32\combase.dll
0x00007ffaefed0000 - 0x00007ffaeffc5000 	C:\WINDOWS\System32\ucrtbase.dll
0x00007ffaf03e0000 - 0x00007ffaf044a000 	C:\WINDOWS\System32\bcryptPrimitives.dll
0x00007ffaf1430000 - 0x00007ffaf145e000 	C:\WINDOWS\System32\IMM32.DLL
0x00000000603a0000 - 0x0000000060472000 	C:\Program Files\Android\Android Studio\jre\jre\bin\msvcr100.dll
0x0000000060480000 - 0x0000000060cbc000 	C:\Program Files\Android\Android Studio\jre\jre\bin\server\jvm.dll
0x00007ffaf1060000 - 0x00007ffaf1068000 	C:\WINDOWS\System32\PSAPI.DLL
0x00007ffaecf70000 - 0x00007ffaecf79000 	C:\WINDOWS\SYSTEM32\WSOCK32.dll
0x00007ffaedad0000 - 0x00007ffaedaf3000 	C:\WINDOWS\SYSTEM32\WINMM.dll
0x00007ffaf33f0000 - 0x00007ffaf345a000 	C:\WINDOWS\System32\WS2_32.dll
0x00007ffadfc80000 - 0x00007ffadfc8a000 	C:\WINDOWS\SYSTEM32\VERSION.dll
0x00007ffaeda70000 - 0x00007ffaeda9b000 	C:\WINDOWS\SYSTEM32\WINMMBASE.dll
0x00007ffaf0ca0000 - 0x00007ffaf0ce2000 	C:\WINDOWS\System32\cfgmgr32.dll
0x00007ffaecf60000 - 0x00007ffaecf6f000 	C:\Program Files\Android\Android Studio\jre\jre\bin\verify.dll
0x00007ffaecf30000 - 0x00007ffaecf59000 	C:\Program Files\Android\Android Studio\jre\jre\bin\java.dll
0x00007ffaea4e0000 - 0x00007ffaea4f6000 	C:\Program Files\Android\Android Studio\jre\jre\bin\zip.dll
0x00007ffaf1940000 - 0x00007ffaf2e49000 	C:\WINDOWS\System32\SHELL32.dll
0x00007ffaf0520000 - 0x00007ffaf0bfa000 	C:\WINDOWS\System32\windows.storage.dll
0x00007ffaefbe0000 - 0x00007ffaefc2c000 	C:\WINDOWS\System32\powrprof.dll
0x00007ffaf13d0000 - 0x00007ffaf1422000 	C:\WINDOWS\System32\shlwapi.dll
0x00007ffaefbd0000 - 0x00007ffaefbdf000 	C:\WINDOWS\System32\kernel.appcore.dll
0x00007ffaefe20000 - 0x00007ffaefec9000 	C:\WINDOWS\System32\shcore.dll
0x00007ffaefc30000 - 0x00007ffaefc44000 	C:\WINDOWS\System32\profapi.dll
0x00007ffae92b0000 - 0x00007ffae92ca000 	C:\Program Files\Android\Android Studio\jre\jre\bin\net.dll
0x00007ffaef4f0000 - 0x00007ffaef54c000 	C:\WINDOWS\system32\mswsock.dll
0x00007ffae8d00000 - 0x00007ffae8d11000 	C:\Program Files\Android\Android Studio\jre\jre\bin\nio.dll
0x00007ffae4db0000 - 0x00007ffae4dce000 	C:\Users\alons\.gradle\native\23\windows-amd64\native-platform.dll
0x00007ffaef690000 - 0x00007ffaef6a7000 	C:\WINDOWS\SYSTEM32\CRYPTSP.dll
0x00007ffaef0f0000 - 0x00007ffaef123000 	C:\WINDOWS\system32\rsaenh.dll
0x00007ffaef7a0000 - 0x00007ffaef7cb000 	C:\WINDOWS\SYSTEM32\bcrypt.dll
0x00007ffaef370000 - 0x00007ffaef38f000 	C:\WINDOWS\SYSTEM32\USERENV.dll
0x00007ffaef6b0000 - 0x00007ffaef6bb000 	C:\WINDOWS\SYSTEM32\CRYPTBASE.dll
0x00007ffaef270000 - 0x00007ffaef2a8000 	C:\WINDOWS\SYSTEM32\IPHLPAPI.DLL
0x00007ffaf2fc0000 - 0x00007ffaf2fc8000 	C:\WINDOWS\System32\NSI.dll
0x00007ffae9080000 - 0x00007ffae9096000 	C:\WINDOWS\SYSTEM32\dhcpcsvc6.DLL
0x00007ffae9af0000 - 0x00007ffae9b0a000 	C:\WINDOWS\SYSTEM32\dhcpcsvc.DLL
0x00007ffae93e0000 - 0x00007ffae93ed000 	C:\Program Files\Android\Android Studio\jre\jre\bin\management.dll
0x00007ffae8b40000 - 0x00007ffae8b64000 	C:\Program Files\Android\Android Studio\jre\jre\bin\sunec.dll
0x00007ffae8c50000 - 0x00007ffae8c5b000 	C:\Program Files\Android\Android Studio\jre\jre\bin\sunmscapi.dll
0x00007ffaefc50000 - 0x00007ffaefe19000 	C:\WINDOWS\System32\CRYPT32.dll
0x00007ffaefbc0000 - 0x00007ffaefbd0000 	C:\WINDOWS\System32\MSASN1.dll

VM Arguments:
jvm_args: -Xmx1536m -Dfile.encoding=windows-1252 -Duser.country=MX -Duser.language=es -Duser.variant 
java_command: org.gradle.launcher.daemon.bootstrap.GradleDaemon 3.3
java_class_path (initial): C:\Users\alons\.gradle\wrapper\dists\gradle-3.3-all\55gk2rcmfc6p2dg9u9ohc3hw9\gradle-3.3\lib\gradle-launcher-3.3.jar
Launcher Type: SUN_STANDARD

Environment Variables:
PATH=C:\WINDOWS\system32;C:\WINDOWS;C:\WINDOWS\System32\Wbem;C:\WINDOWS\System32\WindowsPowerShell\v1.0\;C:\Users\alons\AppData\Roaming\Microsoft\Windows\Start Menu\Programs\Python 3.5;C:\Users\alons\AppData\Local\Programs\Python\Python36\Scripts\;C:\Users\alons\AppData\Local\Programs\Python\Python36\;C:\Users\alons\AppData\Local\Microsoft\WindowsApps;C:\Users\alons\AppData\Local\atom\bin;C:\Users\alons\AppData\Roaming\Microsoft\Windows\Start Menu\Programs\Python 3.5
USERNAME=alons
OS=Windows_NT
PROCESSOR_IDENTIFIER=Intel64 Family 6 Model 58 Stepping 9, GenuineIntel



---------------  S Y S T E M  ---------------

OS: Windows 10.0 , 64 bit Build 14393 (10.0.14393.0)

CPU:total 4 (2 cores per cpu, 2 threads per core) family 6 model 58 stepping 9, cmov, cx8, fxsr, mmx, sse, sse2, sse3, ssse3, sse4.1, sse4.2, popcnt, avx, aes, clmul, erms, ht, tsc, tscinvbit, tscinv

Memory: 4k page, physical 4075224k(422116k free), swap 5951524k(6576k free)

vm_info: OpenJDK 64-Bit Server VM (25.112-b06) for windows-amd64 JRE (1.8.0_112-release-b06), built on Dec  8 2016 00:54:26 by "builder" with MS VC++ 10.0 (VS2010)

time: Wed Apr 19 19:37:50 2017
elapsed time: 4269 seconds (0d 1h 11m 9s)

