#
# There is insufficient memory for the Java Runtime Environment to continue.
# Native memory allocation (malloc) failed to allocate 1174416 bytes for Chunk::new
# Possible reasons:
#   The system is out of physical RAM or swap space
#   In 32 bit mode, the process size limit was hit
# Possible solutions:
#   Reduce memory load on the system
#   Increase physical memory or swap space
#   Check if swap backing store is full
#   Use 64 bit Java on a 64 bit OS
#   Decrease Java heap size (-Xmx/-Xms)
#   Decrease number of Java threads
#   Decrease Java thread stack sizes (-Xss)
#   Set larger code cache with -XX:ReservedCodeCacheSize=
# This output file may be truncated or incomplete.
#
#  Out of Memory Error (allocation.cpp:390), pid=6080, tid=0x0000000000001c24
#
# JRE version: OpenJDK Runtime Environment (8.0_112-b06) (build 1.8.0_112-release-b06)
# Java VM: OpenJDK 64-Bit Server VM (25.112-b06 mixed mode windows-amd64 compressed oops)
# Failed to write core dump. Minidumps are not enabled by default on client versions of Windows
#

---------------  T H R E A D  ---------------

Current thread (0x000000001666c800):  JavaThread "C2 CompilerThread0" daemon [_thread_in_native, id=7204, stack(0x0000000017cd0000,0x0000000017dd0000)]

Stack: [0x0000000017cd0000,0x0000000017dd0000]
[error occurred during error reporting (printing stack bounds), id 0xc0000005]

Native frames: (J=compiled Java code, j=interpreted, Vv=VM code, C=native code)


Current CompileTask:
C2:9459104 19008       4       com.android.dx.dex.code.OutputFinisher::addConstants (93 bytes)


---------------  P R O C E S S  ---------------

Java Threads: ( => current thread )
  0x000000001ce19800 JavaThread "Forward streams with process: command 'C:\Users\alons\AppData\Local\Android\Sdk\build-tools\25.0.2\aapt.exe' Thread 3" [_thread_in_native, id=7856, stack(0x00000000347d0000,0x00000000348d0000)]
  0x000000001ce1c800 JavaThread "Forward streams with process: command 'C:\Users\alons\AppData\Local\Android\Sdk\build-tools\25.0.2\aapt.exe' Thread 2" [_thread_in_native, id=7656, stack(0x00000000346d0000,0x00000000347d0000)]
  0x000000001ce12000 JavaThread "Forward streams with process: command 'C:\Users\alons\AppData\Local\Android\Sdk\build-tools\25.0.2\aapt.exe'" [_thread_blocked, id=2452, stack(0x00000000345d0000,0x00000000346d0000)]
  0x000000001ce10800 JavaThread "Run command 'C:\Users\alons\AppData\Local\Android\Sdk\build-tools\25.0.2\aapt.exe'" [_thread_in_native, id=7524, stack(0x00000000343d0000,0x00000000344d0000)]
  0x000000001ce10000 JavaThread "Thread-156" [_thread_blocked, id=1456, stack(0x00000000342d0000,0x00000000343d0000)]
  0x000000001ce19000 JavaThread "Forward streams with process: command 'C:\Users\alons\AppData\Local\Android\Sdk\build-tools\25.0.2\aapt.exe' Thread 3" [_thread_in_native, id=3316, stack(0x00000000340d0000,0x00000000341d0000)]
  0x000000001ce18000 JavaThread "Forward streams with process: command 'C:\Users\alons\AppData\Local\Android\Sdk\build-tools\25.0.2\aapt.exe' Thread 2" [_thread_in_native, id=4996, stack(0x0000000033fd0000,0x00000000340d0000)]
  0x000000001ce17800 JavaThread "Forward streams with process: command 'C:\Users\alons\AppData\Local\Android\Sdk\build-tools\25.0.2\aapt.exe'" [_thread_blocked, id=6944, stack(0x0000000033ed0000,0x0000000033fd0000)]
  0x000000001ce11800 JavaThread "Forward streams with process: command 'C:\Users\alons\AppData\Local\Android\Sdk\build-tools\25.0.2\aapt.exe' Thread 3" [_thread_in_native, id=2884, stack(0x0000000033cd0000,0x0000000033dd0000)]
  0x000000001ce13800 JavaThread "Forward streams with process: command 'C:\Users\alons\AppData\Local\Android\Sdk\build-tools\25.0.2\aapt.exe' Thread 2" [_thread_in_native, id=8056, stack(0x0000000033bd0000,0x0000000033cd0000)]
  0x000000001ce16800 JavaThread "Forward streams with process: command 'C:\Users\alons\AppData\Local\Android\Sdk\build-tools\25.0.2\aapt.exe'" [_thread_blocked, id=6044, stack(0x0000000033ad0000,0x0000000033bd0000)]
  0x000000001ce16000 JavaThread "Forward streams with process: command 'C:\Users\alons\AppData\Local\Android\Sdk\build-tools\25.0.2\aapt.exe' Thread 3" [_thread_in_native, id=1420, stack(0x00000000338d0000,0x00000000339d0000)]
  0x000000001ce15000 JavaThread "Forward streams with process: command 'C:\Users\alons\AppData\Local\Android\Sdk\build-tools\25.0.2\aapt.exe' Thread 2" [_thread_in_native, id=8000, stack(0x00000000337d0000,0x00000000338d0000)]
  0x000000001ce14800 JavaThread "Forward streams with process: command 'C:\Users\alons\AppData\Local\Android\Sdk\build-tools\25.0.2\aapt.exe'" [_thread_blocked, id=3816, stack(0x00000000336d0000,0x00000000337d0000)]
  0x000000001aacf800 JavaThread "Run command 'C:\Users\alons\AppData\Local\Android\Sdk\build-tools\25.0.2\aapt.exe'" [_thread_in_native, id=7456, stack(0x00000000330d0000,0x00000000331d0000)]
  0x000000001aacd800 JavaThread "Run command 'C:\Users\alons\AppData\Local\Android\Sdk\build-tools\25.0.2\aapt.exe'" [_thread_in_native, id=184, stack(0x0000000032fd0000,0x00000000330d0000)]
  0x000000001aad1000 JavaThread "Run command 'C:\Users\alons\AppData\Local\Android\Sdk\build-tools\25.0.2\aapt.exe'" [_thread_in_native, id=7444, stack(0x0000000032ed0000,0x0000000032fd0000)]
  0x0000000018cf0000 JavaThread "Thread-135" [_thread_blocked, id=716, stack(0x0000000032cd0000,0x0000000032dd0000)]
  0x0000000018cf3000 JavaThread "Thread-134" [_thread_blocked, id=884, stack(0x0000000032bd0000,0x0000000032cd0000)]
  0x0000000018cef000 JavaThread "Thread-133" [_thread_blocked, id=2496, stack(0x0000000032ad0000,0x0000000032bd0000)]
  0x000000001aace000 JavaThread "pool-61-thread-4" [_thread_blocked, id=7480, stack(0x0000000030ad0000,0x0000000030bd0000)]
  0x000000001aad0800 JavaThread "pool-61-thread-3" [_thread_blocked, id=320, stack(0x00000000309d0000,0x0000000030ad0000)]
  0x000000001aac6000 JavaThread "pool-61-thread-2" [_thread_blocked, id=412, stack(0x00000000308d0000,0x00000000309d0000)]
  0x000000001aac5000 JavaThread "pool-61-thread-1" [_thread_blocked, id=7988, stack(0x00000000301d0000,0x00000000302d0000)]
  0x000000001aac9000 JavaThread "Cache update executor" [_thread_blocked, id=1284, stack(0x00000000300d0000,0x00000000301d0000)]
  0x000000001aacc000 JavaThread "Stdin handler" [_thread_blocked, id=7364, stack(0x000000002ffd0000,0x00000000300d0000)]
  0x000000001aacb000 JavaThread "Asynchronous log dispatcher for DefaultDaemonConnection: socket connection from /127.0.0.1:49781 to /127.0.0.1:51301" [_thread_blocked, id=4176, stack(0x000000002fed0000,0x000000002ffd0000)]
  0x000000001aaca800 JavaThread "Daemon worker Thread 8" [_thread_blocked, id=8016, stack(0x000000002fdd0000,0x000000002fed0000)]
  0x000000001aac8000 JavaThread "Cancel handler" [_thread_blocked, id=2972, stack(0x000000002fcd0000,0x000000002fdd0000)]
  0x000000001aac7800 JavaThread "Handler for socket connection from /127.0.0.1:49781 to /127.0.0.1:51301" [_thread_in_native, id=7428, stack(0x000000002fbd0000,0x000000002fcd0000)]
  0x000000001aac9800 JavaThread "Daemon Thread 8" [_thread_blocked, id=3180, stack(0x000000002fad0000,0x000000002fbd0000)]
  0x000000001aac4800 JavaThread "pool-6-thread-4" [_thread_blocked, id=7796, stack(0x00000000285d0000,0x00000000286d0000)]
  0x000000001aacc800 JavaThread "pool-6-thread-3" [_thread_blocked, id=7900, stack(0x0000000026ed0000,0x0000000026fd0000)]
  0x000000001aad2000 JavaThread "pool-6-thread-2" [_thread_blocked, id=8140, stack(0x00000000245d0000,0x00000000246d0000)]
  0x000000001aac6800 JavaThread "pool-6-thread-1" [_thread_blocked, id=4400, stack(0x00000000244d0000,0x00000000245d0000)]
  0x0000000019d6d800 JavaThread "File lock request listener" [_thread_in_native, id=7680, stack(0x000000001c1b0000,0x000000001c2b0000)]
  0x0000000019313800 JavaThread "pool-1-thread-1" [_thread_blocked, id=7644, stack(0x000000001b970000,0x000000001ba70000)]
  0x0000000019957000 JavaThread "Incoming local TCP Connector on port 49781" [_thread_in_native, id=7616, stack(0x0000000019da0000,0x0000000019ea0000)]
  0x0000000018000800 JavaThread "Service Thread" daemon [_thread_blocked, id=7216, stack(0x00000000183d0000,0x00000000184d0000)]
  0x0000000016674800 JavaThread "C1 CompilerThread2" daemon [_thread_blocked, id=7212, stack(0x0000000017ed0000,0x0000000017fd0000)]
  0x000000001666e800 JavaThread "C2 CompilerThread1" daemon [_thread_blocked, id=7208, stack(0x0000000017dd0000,0x0000000017ed0000)]
=>0x000000001666c800 JavaThread "C2 CompilerThread0" daemon [_thread_in_native, id=7204, stack(0x0000000017cd0000,0x0000000017dd0000)]
  0x000000001666a800 JavaThread "Attach Listener" daemon [_thread_blocked, id=7200, stack(0x0000000017bd0000,0x0000000017cd0000)]
  0x0000000016667800 JavaThread "Signal Dispatcher" daemon [_thread_blocked, id=7196, stack(0x0000000017ad0000,0x0000000017bd0000)]
  0x0000000002cfb000 JavaThread "Finalizer" daemon [_thread_blocked, id=7192, stack(0x00000000178c0000,0x00000000179c0000)]
  0x0000000002cf0000 JavaThread "Reference Handler" daemon [_thread_blocked, id=7184, stack(0x00000000177c0000,0x00000000178c0000)]
  0x0000000002c00800 JavaThread "main" [_thread_blocked, id=352, stack(0x0000000002b00000,0x0000000002c00000)]

Other Threads:
  0x0000000016634800 VMThread [stack: 0x00000000176c0000,0x00000000177c0000] [id=7180]
  0x00000000166ce800 WatcherThread [stack: 0x00000000184d0000,0x00000000185d0000] [id=7220]

VM state:not at safepoint (normal execution)

VM Mutex/Monitor currently owned by a thread: None

Heap:
 PSYoungGen      total 203776K, used 20385K [0x00000000e0000000, 0x00000000ee780000, 0x0000000100000000)
  eden space 172544K, 0% used [0x00000000e0000000,0x00000000e00f09c8,0x00000000ea880000)
  from space 31232K, 62% used [0x00000000ec900000,0x00000000edbf7c60,0x00000000ee780000)
  to   space 32256K, 0% used [0x00000000ea880000,0x00000000ea880000,0x00000000ec800000)
 ParOldGen       total 137728K, used 73336K [0x00000000a0000000, 0x00000000a8680000, 0x00000000e0000000)
  object space 137728K, 53% used [0x00000000a0000000,0x00000000a479e1f8,0x00000000a8680000)
 Metaspace       used 73250K, capacity 76872K, committed 77568K, reserved 1116160K
  class space    used 9228K, capacity 9953K, committed 10240K, reserved 1048576K

Card table byte_map: [0x00000000120c0000,0x00000000123d0000] byte_map_base: 0x0000000011bc0000

Marking Bits: (ParMarkBitMap*) 0x00000000543d18f0
 Begin Bits: [0x00000000129d0000, 0x00000000141d0000)
 End Bits:   [0x00000000141d0000, 0x00000000159d0000)

Polling page: 0x0000000001220000

CodeCache: size=245760Kb used=53367Kb max_used=53419Kb free=192392Kb
 bounds [0x0000000002d00000, 0x0000000006180000, 0x0000000011d00000]
 total_blobs=15841 nmethods=15043 adapters=709
 compilation: enabled

Compilation events (10 events):
Event: 9456.647 Thread 0x000000001666e800 18781       4       com.android.dx.cf.code.BaseMachine::resultCount (22 bytes)
Event: 9456.647 Thread 0x000000001666e800 nmethod 18781 0x00000000047cc410 code [0x00000000047cc540, 0x00000000047cc5b8]
Event: 9456.686 Thread 0x000000001666e800 19066       4       java.util.Iterator::forEachRemaining (30 bytes)
Event: 9456.686 Thread 0x0000000016674800 19067   !   3       java.util.concurrent.ThreadPoolExecutor::shutdown (45 bytes)
Event: 9456.689 Thread 0x000000001666e800 nmethod 19066 0x0000000004aa63d0 code [0x0000000004aa6520, 0x0000000004aa6618]
Event: 9456.691 Thread 0x0000000016674800 nmethod 19067 0x0000000004a1ed50 code [0x0000000004a1ef40, 0x0000000004a1f858]
Event: 9456.691 Thread 0x0000000016674800 19068   !   3       java.util.concurrent.ThreadPoolExecutor::checkShutdownAccess (81 bytes)
Event: 9456.692 Thread 0x0000000016674800 nmethod 19068 0x0000000003a04f90 code [0x0000000003a051c0, 0x0000000003a06068]
Event: 9456.693 Thread 0x0000000016674800 19069       3       java.util.concurrent.ThreadPoolExecutor::advanceRunState (42 bytes)
Event: 9456.694 Thread 0x0000000016674800 nmethod 19069 0x0000000004b74410 code [0x0000000004b745a0, 0x0000000004b74af0]

GC Heap History (10 events):
Event: 6605.179 GC heap before
{Heap before GC invocations=36 (full 4):
 PSYoungGen      total 154112K, used 137124K [0x00000000e0000000, 0x00000000ebf80000, 0x0000000100000000)
  eden space 123904K, 100% used [0x00000000e0000000,0x00000000e7900000,0x00000000e7900000)
  from space 30208K, 43% used [0x00000000e7900000,0x00000000e85e9358,0x00000000e9680000)
  to   space 28672K, 0% used [0x00000000ea380000,0x00000000ea380000,0x00000000ebf80000)
 ParOldGen       total 137728K, used 73312K [0x00000000a0000000, 0x00000000a8680000, 0x00000000e0000000)
  object space 137728K, 53% used [0x00000000a0000000,0x00000000a47981f8,0x00000000a8680000)
 Metaspace       used 72774K, capacity 76274K, committed 77312K, reserved 1116160K
  class space    used 9208K, capacity 9928K, committed 10240K, reserved 1048576K
Event: 6605.256 GC heap after
Heap after GC invocations=36 (full 4):
 PSYoungGen      total 167424K, used 18668K [0x00000000e0000000, 0x00000000ec100000, 0x0000000100000000)
  eden space 138752K, 0% used [0x00000000e0000000,0x00000000e0000000,0x00000000e8780000)
  from space 28672K, 65% used [0x00000000ea380000,0x00000000eb5bb060,0x00000000ebf80000)
  to   space 28672K, 0% used [0x00000000e8780000,0x00000000e8780000,0x00000000ea380000)
 ParOldGen       total 137728K, used 73312K [0x00000000a0000000, 0x00000000a8680000, 0x00000000e0000000)
  object space 137728K, 53% used [0x00000000a0000000,0x00000000a47981f8,0x00000000a8680000)
 Metaspace       used 72774K, capacity 76274K, committed 77312K, reserved 1116160K
  class space    used 9208K, capacity 9928K, committed 10240K, reserved 1048576K
}
Event: 9439.107 GC heap before
{Heap before GC invocations=37 (full 4):
 PSYoungGen      total 167424K, used 157420K [0x00000000e0000000, 0x00000000ec100000, 0x0000000100000000)
  eden space 138752K, 100% used [0x00000000e0000000,0x00000000e8780000,0x00000000e8780000)
  from space 28672K, 65% used [0x00000000ea380000,0x00000000eb5bb060,0x00000000ebf80000)
  to   space 28672K, 0% used [0x00000000e8780000,0x00000000e8780000,0x00000000ea380000)
 ParOldGen       total 137728K, used 73312K [0x00000000a0000000, 0x00000000a8680000, 0x00000000e0000000)
  object space 137728K, 53% used [0x00000000a0000000,0x00000000a47981f8,0x00000000a8680000)
 Metaspace       used 72937K, capacity 76540K, committed 77312K, reserved 1116160K
  class space    used 9220K, capacity 9941K, committed 10240K, reserved 1048576K
Event: 9439.393 GC heap after
Heap after GC invocations=37 (full 4):
 PSYoungGen      total 167424K, used 24276K [0x00000000e0000000, 0x00000000ed100000, 0x0000000100000000)
  eden space 138752K, 0% used [0x00000000e0000000,0x00000000e0000000,0x00000000e8780000)
  from space 28672K, 84% used [0x00000000e8780000,0x00000000e9f35360,0x00000000ea380000)
  to   space 31232K, 0% used [0x00000000eb280000,0x00000000eb280000,0x00000000ed100000)
 ParOldGen       total 137728K, used 73312K [0x00000000a0000000, 0x00000000a8680000, 0x00000000e0000000)
  object space 137728K, 53% used [0x00000000a0000000,0x00000000a47981f8,0x00000000a8680000)
 Metaspace       used 72937K, capacity 76540K, committed 77312K, reserved 1116160K
  class space    used 9220K, capacity 9941K, committed 10240K, reserved 1048576K
}
Event: 9448.331 GC heap before
{Heap before GC invocations=38 (full 4):
 PSYoungGen      total 167424K, used 163028K [0x00000000e0000000, 0x00000000ed100000, 0x0000000100000000)
  eden space 138752K, 100% used [0x00000000e0000000,0x00000000e8780000,0x00000000e8780000)
  from space 28672K, 84% used [0x00000000e8780000,0x00000000e9f35360,0x00000000ea380000)
  to   space 31232K, 0% used [0x00000000eb280000,0x00000000eb280000,0x00000000ed100000)
 ParOldGen       total 137728K, used 73312K [0x00000000a0000000, 0x00000000a8680000, 0x00000000e0000000)
  object space 137728K, 53% used [0x00000000a0000000,0x00000000a47981f8,0x00000000a8680000)
 Metaspace       used 73079K, capacity 76722K, committed 77568K, reserved 1116160K
  class space    used 9226K, capacity 9950K, committed 10240K, reserved 1048576K
Event: 9448.420 GC heap after
Heap after GC invocations=38 (full 4):
 PSYoungGen      total 183296K, used 17815K [0x00000000e0000000, 0x00000000ed100000, 0x0000000100000000)
  eden space 152064K, 0% used [0x00000000e0000000,0x00000000e0000000,0x00000000e9480000)
  from space 31232K, 57% used [0x00000000eb280000,0x00000000ec3e5d18,0x00000000ed100000)
  to   space 30720K, 0% used [0x00000000e9480000,0x00000000e9480000,0x00000000eb280000)
 ParOldGen       total 137728K, used 73320K [0x00000000a0000000, 0x00000000a8680000, 0x00000000e0000000)
  object space 137728K, 53% used [0x00000000a0000000,0x00000000a479a1f8,0x00000000a8680000)
 Metaspace       used 73079K, capacity 76722K, committed 77568K, reserved 1116160K
  class space    used 9226K, capacity 9950K, committed 10240K, reserved 1048576K
}
Event: 9453.717 GC heap before
{Heap before GC invocations=39 (full 4):
 PSYoungGen      total 183296K, used 169879K [0x00000000e0000000, 0x00000000ed100000, 0x0000000100000000)
  eden space 152064K, 100% used [0x00000000e0000000,0x00000000e9480000,0x00000000e9480000)
  from space 31232K, 57% used [0x00000000eb280000,0x00000000ec3e5d18,0x00000000ed100000)
  to   space 30720K, 0% used [0x00000000e9480000,0x00000000e9480000,0x00000000eb280000)
 ParOldGen       total 137728K, used 73320K [0x00000000a0000000, 0x00000000a8680000, 0x00000000e0000000)
  object space 137728K, 53% used [0x00000000a0000000,0x00000000a479a1f8,0x00000000a8680000)
 Metaspace       used 73158K, capacity 76786K, committed 77568K, reserved 1116160K
  class space    used 9226K, capacity 9950K, committed 10240K, reserved 1048576K
Event: 9453.911 GC heap after
Heap after GC invocations=39 (full 4):
 PSYoungGen      total 182784K, used 24678K [0x00000000e0000000, 0x00000000ee880000, 0x0000000100000000)
  eden space 152064K, 0% used [0x00000000e0000000,0x00000000e0000000,0x00000000e9480000)
  from space 30720K, 80% used [0x00000000e9480000,0x00000000eac99be8,0x00000000eb280000)
  to   space 32256K, 0% used [0x00000000ec900000,0x00000000ec900000,0x00000000ee880000)
 ParOldGen       total 137728K, used 73328K [0x00000000a0000000, 0x00000000a8680000, 0x00000000e0000000)
  object space 137728K, 53% used [0x00000000a0000000,0x00000000a479c1f8,0x00000000a8680000)
 Metaspace       used 73158K, capacity 76786K, committed 77568K, reserved 1116160K
  class space    used 9226K, capacity 9950K, committed 10240K, reserved 1048576K
}
Event: 9456.654 GC heap before
{Heap before GC invocations=40 (full 4):
 PSYoungGen      total 182784K, used 176742K [0x00000000e0000000, 0x00000000ee880000, 0x0000000100000000)
  eden space 152064K, 100% used [0x00000000e0000000,0x00000000e9480000,0x00000000e9480000)
  from space 30720K, 80% used [0x00000000e9480000,0x00000000eac99be8,0x00000000eb280000)
  to   space 32256K, 0% used [0x00000000ec900000,0x00000000ec900000,0x00000000ee880000)
 ParOldGen       total 137728K, used 73328K [0x00000000a0000000, 0x00000000a8680000, 0x00000000e0000000)
  object space 137728K, 53% used [0x00000000a0000000,0x00000000a479c1f8,0x00000000a8680000)
 Metaspace       used 73247K, capacity 76872K, committed 77568K, reserved 1116160K
  class space    used 9228K, capacity 9953K, committed 10240K, reserved 1048576K
Event: 9456.685 GC heap after
Heap after GC invocations=40 (full 4):
 PSYoungGen      total 203776K, used 19423K [0x00000000e0000000, 0x00000000ee780000, 0x0000000100000000)
  eden space 172544K, 0% used [0x00000000e0000000,0x00000000e0000000,0x00000000ea880000)
  from space 31232K, 62% used [0x00000000ec900000,0x00000000edbf7c60,0x00000000ee780000)
  to   space 32256K, 0% used [0x00000000ea880000,0x00000000ea880000,0x00000000ec800000)
 ParOldGen       total 137728K, used 73336K [0x00000000a0000000, 0x00000000a8680000, 0x00000000e0000000)
  object space 137728K, 53% used [0x00000000a0000000,0x00000000a479e1f8,0x00000000a8680000)
 Metaspace       used 73247K, capacity 76872K, committed 77568K, reserved 1116160K
  class space    used 9228K, capacity 9953K, committed 10240K, reserved 1048576K
}

Deoptimization events (10 events):
Event: 9439.627 Thread 0x000000001aaca800 Uncommon trap: reason=class_check action=maybe_recompile pc=0x000000000522a508 method=com.sun.org.apache.xerces.internal.dom.AttrImpl.getOwnerElement()Lorg/w3c/dom/Element; @ 18
Event: 9444.168 Thread 0x000000001aaca800 Uncommon trap: reason=unstable_if action=reinterpret pc=0x0000000005a5d2b4 method=com.sun.tools.javac.parser.JavacParser.bracketsSuffix(Lcom/sun/tools/javac/tree/JCTree$JCExpression;)Lcom/sun/tools/javac/tree/JCTree$JCExpression; @ 6
Event: 9444.171 Thread 0x000000001aaca800 Uncommon trap: reason=unstable_if action=reinterpret pc=0x0000000005a84c3c method=com.sun.tools.javac.parser.JavaTokenizer.readToken()Lcom/sun/tools/javac/parser/Tokens$Token; @ 1459
Event: 9447.619 Thread 0x000000001aaca800 Uncommon trap: reason=class_check action=maybe_recompile pc=0x00000000056eb4e8 method=com.sun.tools.javac.code.Types.union(Lcom/sun/tools/javac/util/List;Lcom/sun/tools/javac/util/List;)Lcom/sun/tools/javac/util/List; @ 22
Event: 9447.619 Thread 0x000000001aaca800 Uncommon trap: reason=class_check action=maybe_recompile pc=0x00000000056eb4e8 method=com.sun.tools.javac.code.Types.union(Lcom/sun/tools/javac/util/List;Lcom/sun/tools/javac/util/List;)Lcom/sun/tools/javac/util/List; @ 22
Event: 9449.550 Thread 0x000000001aaca800 Uncommon trap: reason=class_check action=maybe_recompile pc=0x0000000005ce3b74 method=org.gradle.api.internal.changedetection.state.OutputFilesSnapshotter.isOutputEntry(Ljava/lang/String;Lorg/gradle/api/internal/changedetection/state/NormalizedFileSnapshotž–#oÆtÂ@
Event: 9449.550 Thread 0x000000001aaca800 Uncommon trap: reason=class_check action=maybe_recompile pc=0x0000000005ce3b74 method=org.gradle.api.internal.changedetection.state.OutputFilesSnapshotter.isOutputEntry(Ljava/lang/String;Lorg/gradle/api/internal/changedetection/state/NormalizedFileSnapshot_sïtÆtÂ@
Event: 9449.550 Thread 0x000000001aaca800 Uncommon trap: reason=class_check action=maybe_recompile pc=0x0000000005ce3b74 method=org.gradle.api.internal.changedetection.state.OutputFilesSnapshotter.isOutputEntry(Ljava/lang/String;Lorg/gradle/api/internal/changedetection/state/NormalizedFileSnapshotè¾ÐÞmuÂ@
Event: 9450.858 Thread 0x000000001aaca800 Uncommon trap: reason=unstable_if action=reinterpret pc=0x0000000002ffd6d0 method=org.objectweb.asm.Item.a(Lorg/objectweb/asm/Item;)Z @ 186
Event: 9453.958 Thread 0x000000001aad1000 Uncommon trap: reason=unstable_if action=reinterpret pc=0x00000000051d8080 method=com.android.dx.cf.code.BaseMachine.getLocalTarget(Z)Lcom/android/dx/rop/code/RegisterSpec; @ 131

Internal exceptions (10 events):
Event: 6395.426 Thread 0x000000001aaca800 Exception <a 'sun/nio/fs/WindowsException'> (0x00000000e5f86b80) thrown at [C:\src\android\AOSP-openjdk\external\jetbrains\jdk\hotspot\src\share\vm\prims\jni.cpp, line 709]
Event: 6598.936 Thread 0x000000001aac9800 Exception <a 'java/lang/ClassNotFoundException': asLocalRepo232_316oc8uexr9fbt3u3z0kxz20gBeanInfo> (0x00000000e65444e0) thrown at [C:\src\android\AOSP-openjdk\external\jetbrains\jdk\hotspot\src\share\vm\classfile\systemDictionary.cpp, line 210]
Event: 6598.937 Thread 0x000000001aac9800 Exception <a 'java/lang/ClassNotFoundException': asLocalRepo232_316oc8uexr9fbt3u3z0kxz20gCustomizer> (0x00000000e654f498) thrown at [C:\src\android\AOSP-openjdk\external\jetbrains\jdk\hotspot\src\share\vm\classfile\systemDictionary.cpp, line 210]
Event: 6600.467 Thread 0x000000001aac9800 Implicit null exception at 0x0000000003db796a to 0x0000000003dbea01
Event: 6606.333 Thread 0x000000001aac9800 Implicit null exception at 0x0000000005f26fa5 to 0x0000000005f27e59
Event: 6606.782 Thread 0x000000001aac9800 Exception <a 'sun/nio/fs/WindowsException'> (0x00000000e1ba7c28) thrown at [C:\src\android\AOSP-openjdk\external\jetbrains\jdk\hotspot\src\share\vm\prims\jni.cpp, line 709]
Event: 9435.042 Thread 0x000000001aaca800 Exception <a 'java/lang/ClassNotFoundException': asLocalRepo525_7xdzdi4efdclh27xu5s79qlzaBeanInfo> (0x00000000e33e3620) thrown at [C:\src\android\AOSP-openjdk\external\jetbrains\jdk\hotspot\src\share\vm\classfile\systemDictionary.cpp, line 210]
Event: 9435.045 Thread 0x000000001aaca800 Exception <a 'java/lang/ClassNotFoundException': asLocalRepo525_7xdzdi4efdclh27xu5s79qlzaCustomizer> (0x00000000e33ee5d8) thrown at [C:\src\android\AOSP-openjdk\external\jetbrains\jdk\hotspot\src\share\vm\classfile\systemDictionary.cpp, line 210]
Event: 9436.473 Thread 0x000000001aaca800 Implicit null exception at 0x00000000049fd05c to 0x00000000049fe1f9
Event: 9439.626 Thread 0x000000001aaca800 Implicit null exception at 0x00000000059b487b to 0x00000000059b5851

Events (10 events):
Event: 9456.695 Thread 0x0000000016674800 flushing nmethod 0x00000000053e2910
Event: 9456.695 Thread 0x0000000016674800 flushing nmethod 0x000000000542ff10
Event: 9456.696 Thread 0x0000000016674800 flushing nmethod 0x0000000005632810
Event: 9456.697 Thread 0x000000001ce13000 Thread added: 0x000000001ce13000
Event: 9456.698 Thread 0x000000001ce12000 Thread added: 0x000000001ce12000
Event: 9456.698 Thread 0x000000001ce1c800 Thread added: 0x000000001ce1c800
Event: 9456.698 Thread 0x000000001ce19800 Thread added: 0x000000001ce19800
Event: 9456.700 Executing VM operation: RevokeBias
Event: 9456.700 Executing VM operation: RevokeBias done
Event: 9456.700 Thread 0x000000001ce13000 Thread exited: 0x000000001ce13000


Dynamic libraries:
0x00007ff642690000 - 0x00007ff6426c1000 	C:\Program Files\Android\Android Studio\jre\bin\java.exe
0x00007ffa28280000 - 0x00007ffa28451000 	C:\WINDOWS\SYSTEM32\ntdll.dll
0x00007ffa27ef0000 - 0x00007ffa27f9b000 	C:\WINDOWS\System32\KERNEL32.DLL
0x00007ffa249d0000 - 0x00007ffa24bed000 	C:\WINDOWS\System32\KERNELBASE.dll
0x00007ffa25b30000 - 0x00007ffa25bd2000 	C:\WINDOWS\System32\ADVAPI32.dll
0x00007ffa25d80000 - 0x00007ffa25e1e000 	C:\WINDOWS\System32\msvcrt.dll
0x00007ffa28220000 - 0x00007ffa28279000 	C:\WINDOWS\System32\sechost.dll
0x00007ffa25c50000 - 0x00007ffa25d71000 	C:\WINDOWS\System32\RPCRT4.dll
0x00007ffa28000000 - 0x00007ffa28165000 	C:\WINDOWS\System32\USER32.dll
0x00007ffa24770000 - 0x00007ffa2478e000 	C:\WINDOWS\System32\win32u.dll
0x00007ffa25e20000 - 0x00007ffa25e54000 	C:\WINDOWS\System32\GDI32.dll
0x00007ffa24840000 - 0x00007ffa249c2000 	C:\WINDOWS\System32\gdi32full.dll
0x00007ffa1a070000 - 0x00007ffa1a2ea000 	C:\WINDOWS\WinSxS\amd64_microsoft.windows.common-controls_6595b64144ccf1df_6.0.14393.953_none_42151e83c686086b\COMCTL32.dll
0x00007ffa27ae0000 - 0x00007ffa27da8000 	C:\WINDOWS\System32\combase.dll
0x00007ffa252d0000 - 0x00007ffa253c5000 	C:\WINDOWS\System32\ucrtbase.dll
0x00007ffa25420000 - 0x00007ffa2548a000 	C:\WINDOWS\System32\bcryptPrimitives.dll
0x00007ffa28180000 - 0x00007ffa281ae000 	C:\WINDOWS\System32\IMM32.DLL
0x0000000053b30000 - 0x0000000053c02000 	C:\Program Files\Android\Android Studio\jre\jre\bin\msvcr100.dll
0x0000000053c10000 - 0x000000005444c000 	C:\Program Files\Android\Android Studio\jre\jre\bin\server\jvm.dll
0x00007ffa28170000 - 0x00007ffa28178000 	C:\WINDOWS\System32\PSAPI.DLL
0x00007ffa22b60000 - 0x00007ffa22b83000 	C:\WINDOWS\SYSTEM32\WINMM.dll
0x00007ffa14900000 - 0x00007ffa1490a000 	C:\WINDOWS\SYSTEM32\VERSION.dll
0x00007ffa1deb0000 - 0x00007ffa1deb9000 	C:\WINDOWS\SYSTEM32\WSOCK32.dll
0x00007ffa25be0000 - 0x00007ffa25c4a000 	C:\WINDOWS\System32\WS2_32.dll
0x00000000011d0000 - 0x00000000011fb000 	C:\WINDOWS\SYSTEM32\WINMMBASE.dll
0x00007ffa253d0000 - 0x00007ffa25412000 	C:\WINDOWS\System32\cfgmgr32.dll
0x00007ffa1dd40000 - 0x00007ffa1dd4f000 	C:\Program Files\Android\Android Studio\jre\jre\bin\verify.dll
0x00007ffa17850000 - 0x00007ffa17879000 	C:\Program Files\Android\Android Studio\jre\jre\bin\java.dll
0x00007ffa17830000 - 0x00007ffa17846000 	C:\Program Files\Android\Android Studio\jre\jre\bin\zip.dll
0x00007ffa25e70000 - 0x00007ffa27379000 	C:\WINDOWS\System32\SHELL32.dll
0x00007ffa24bf0000 - 0x00007ffa252ca000 	C:\WINDOWS\System32\windows.storage.dll
0x00007ffa246e0000 - 0x00007ffa2472c000 	C:\WINDOWS\System32\powrprof.dll
0x00007ffa277b0000 - 0x00007ffa27802000 	C:\WINDOWS\System32\shlwapi.dll
0x00007ffa24750000 - 0x00007ffa2475f000 	C:\WINDOWS\System32\kernel.appcore.dll
0x00007ffa25490000 - 0x00007ffa25539000 	C:\WINDOWS\System32\shcore.dll
0x00007ffa24730000 - 0x00007ffa24744000 	C:\WINDOWS\System32\profapi.dll
0x00007ffa17810000 - 0x00007ffa1782a000 	C:\Program Files\Android\Android Studio\jre\jre\bin\net.dll
0x00007ffa24010000 - 0x00007ffa2406c000 	C:\WINDOWS\system32\mswsock.dll
0x00007ffa177f0000 - 0x00007ffa17801000 	C:\Program Files\Android\Android Studio\jre\jre\bin\nio.dll
0x00007ffa1eeb0000 - 0x00007ffa1eece000 	C:\Users\alons\.gradle\native\23\windows-amd64\native-platform.dll
0x00007ffa241b0000 - 0x00007ffa241c7000 	C:\WINDOWS\SYSTEM32\CRYPTSP.dll
0x00007ffa23c10000 - 0x00007ffa23c43000 	C:\WINDOWS\system32\rsaenh.dll
0x00007ffa242c0000 - 0x00007ffa242eb000 	C:\WINDOWS\SYSTEM32\bcrypt.dll
0x00007ffa23e90000 - 0x00007ffa23eaf000 	C:\WINDOWS\SYSTEM32\USERENV.dll
0x00007ffa241d0000 - 0x00007ffa241db000 	C:\WINDOWS\SYSTEM32\CRYPTBASE.dll
0x00007ffa23d90000 - 0x00007ffa23dc8000 	C:\WINDOWS\SYSTEM32\IPHLPAPI.DLL
0x00007ffa25e60000 - 0x00007ffa25e68000 	C:\WINDOWS\System32\NSI.dll
0x00007ffa1d7a0000 - 0x00007ffa1d7b6000 	C:\WINDOWS\SYSTEM32\dhcpcsvc6.DLL
0x00007ffa1e1f0000 - 0x00007ffa1e20a000 	C:\WINDOWS\SYSTEM32\dhcpcsvc.DLL
0x00007ffa1a380000 - 0x00007ffa1a38d000 	C:\Program Files\Android\Android Studio\jre\jre\bin\management.dll
0x00007ffa19590000 - 0x00007ffa195b4000 	C:\Program Files\Android\Android Studio\jre\jre\bin\sunec.dll
0x00007ffa1efc0000 - 0x00007ffa1efcb000 	C:\Program Files\Android\Android Studio\jre\jre\bin\sunmscapi.dll
0x00007ffa255a0000 - 0x00007ffa25769000 	C:\WINDOWS\System32\CRYPT32.dll
0x00007ffa24760000 - 0x00007ffa24770000 	C:\WINDOWS\System32\MSASN1.dll

VM Arguments:
jvm_args: -Xmx1536m -Dfile.encoding=windows-1252 -Duser.country=MX -Duser.language=es -Duser.variant 
java_command: org.gradle.launcher.daemon.bootstrap.GradleDaemon 3.3
java_class_path (initial): C:\Users\alons\.gradle\wrapper\dists\gradle-3.3-all\55gk2rcmfc6p2dg9u9ohc3hw9\gradle-3.3\lib\gradle-launcher-3.3.jar
Launcher Type: SUN_STANDARD

Environment Variables:
PATH=C:\WINDOWS\system32;C:\WINDOWS;C:\WINDOWS\System32\Wbem;C:\WINDOWS\System32\WindowsPowerShell\v1.0\;C:\Users\alons\AppData\Roaming\Microsoft\Windows\Start Menu\Programs\Python 3.5;C:\Users\alons\AppData\Local\Programs\Python\Python36\Scripts\;C:\Users\alons\AppData\Local\Programs\Python\Python36\;C:\Users\alons\AppData\Local\Microsoft\WindowsApps;C:\Users\alons\AppData\Local\atom\bin;C:\Users\alons\AppData\Roaming\Microsoft\Windows\Start Menu\Programs\Python 3.5
USERNAME=alons
OS=Windows_NT
PROCESSOR_IDENTIFIER=Intel64 Family 6 Model 58 Stepping 9, GenuineIntel



---------------  S Y S T E M  ---------------

OS: Windows 10.0 , 64 bit Build 14393 (10.0.14393.0)

CPU:total 4 (2 cores per cpu, 2 threads per core) family 6 model 58 stepping 9, cmov, cx8, fxsr, mmx, sse, sse2, sse3, ssse3, sse4.1, sse4.2, popcnt, avx, aes, clmul, erms, ht, tsc, tscinvbit, tscinv

Memory: 4k page, physical 4075224k(681064k free), swap 5268016k(4024k free)

vm_info: OpenJDK 64-Bit Server VM (25.112-b06) for windows-amd64 JRE (1.8.0_112-release-b06), built on Dec  8 2016 00:54:26 by "builder" with MS VC++ 10.0 (VS2010)

time: Sun Apr 30 23:07:04 2017
elapsed time: 9456 seconds (0d 2h 37m 36s)

